{"meta": {"format": 3, "version": "7.13.2", "timestamp": "2026-01-31T18:04:33.885978", "branch_coverage": false, "show_contexts": false}, "files": {"src/transformation_portal/lux_depth_v3/__init__.py": {"executed_lines": [14, 17, 27, 28, 31, 45, 46, 48, 78], "summary": {"covered_lines": 9, "num_statements": 9, "percent_covered": 100.0, "percent_covered_display": "100", "missing_lines": 0, "excluded_lines": 0, "percent_statements_covered": 100.0, "percent_statements_covered_display": "100"}, "missing_lines": [], "excluded_lines": [], "functions": {"": {"executed_lines": [14, 17, 27, 28, 31, 45, 46, 48, 78], "summary": {"covered_lines": 9, "num_statements": 9, "percent_covered": 100.0, "percent_covered_display": "100", "missing_lines": 0, "excluded_lines": 0, "percent_statements_covered": 100.0, "percent_statements_covered_display": "100"}, "missing_lines": [], "excluded_lines": [], "start_line": 1}}, "classes": {"": {"executed_lines": [14, 17, 27, 28, 31, 45, 46, 48, 78], "summary": {"covered_lines": 9, "num_statements": 9, "percent_covered": 100.0, "percent_covered_display": "100", "missing_lines": 0, "excluded_lines": 0, "percent_statements_covered": 100.0, "percent_statements_covered_display": "100"}, "missing_lines": [], "excluded_lines": [], "start_line": 1}}}, "src/transformation_portal/lux_depth_v3/batch_stats.py": {"executed_lines": [6, 7, 10], "summary": {"covered_lines": 3, "num_statements": 8, "percent_covered": 37.5, "percent_covered_display": "38", "missing_lines": 5, "excluded_lines": 0, "percent_statements_covered": 37.5, "percent_statements_covered_display": "38"}, "missing_lines": [21, 22, 31, 32, 34], "excluded_lines": [], "functions": {"compute_batch_runtime_stats": {"executed_lines": [], "summary": {"covered_lines": 0, "num_statements": 5, "percent_covered": 0.0, "percent_covered_display": "0", "missing_lines": 5, "excluded_lines": 0, "percent_statements_covered": 0.0, "percent_statements_covered_display": "0"}, "missing_lines": [21, 22, 31, 32, 34], "excluded_lines": [], "start_line": 10}, "": {"executed_lines": [6, 7, 10], "summary": {"covered_lines": 3, "num_statements": 3, "percent_covered": 100.0, "percent_covered_display": "100", "missing_lines": 0, "excluded_lines": 0, "percent_statements_covered": 100.0, "percent_statements_covered_display": "100"}, "missing_lines": [], "excluded_lines": [], "start_line": 1}}, "classes": {"": {"executed_lines": [6, 7, 10], "summary": {"covered_lines": 3, "num_statements": 8, "percent_covered": 37.5, "percent_covered_display": "38", "missing_lines": 5, "excluded_lines": 0, "percent_statements_covered": 37.5, "percent_statements_covered_display": "38"}, "missing_lines": [21, 22, 31, 32, 34], "excluded_lines": [], "start_line": 1}}}, "src/transformation_portal/lux_depth_v3/config.py": {"executed_lines": [6, 7, 8, 9, 10, 13, 15, 20, 25, 32, 34, 35, 36, 37, 40, 41, 43, 44, 47, 48, 50, 51, 52, 53, 54, 55, 56, 57, 58, 59, 60, 63, 64, 66, 67, 68, 70, 71, 79, 80, 83, 84, 85, 86, 89, 90, 91, 94, 95, 96, 97, 100, 101, 104, 107, 110, 111, 112, 113, 114, 115, 116, 117, 119, 120, 124, 130, 131], "summary": {"covered_lines": 68, "num_statements": 70, "percent_covered": 97.14285714285714, "percent_covered_display": "97", "missing_lines": 2, "excluded_lines": 0, "percent_statements_covered": 97.14285714285714, "percent_statements_covered_display": "97"}, "missing_lines": [76, 122], "excluded_lines": [], "functions": {"DA3Config.from_preset": {"executed_lines": [], "summary": {"covered_lines": 0, "num_statements": 1, "percent_covered": 0.0, "percent_covered_display": "0", "missing_lines": 1, "excluded_lines": 0, "percent_statements_covered": 0.0, "percent_statements_covered_display": "0"}, "missing_lines": [76], "excluded_lines": [], "start_line": 71}, "EnhanceConfig.enable_pbr": {"executed_lines": [], "summary": {"covered_lines": 0, "num_statements": 1, "percent_covered": 0.0, "percent_covered_display": "0", "missing_lines": 1, "excluded_lines": 0, "percent_statements_covered": 0.0, "percent_statements_covered_display": "0"}, "missing_lines": [122], "excluded_lines": [], "start_line": 120}, "EnhanceConfig.to_pbr_config": {"executed_lines": [130, 131], "summary": {"covered_lines": 2, "num_statements": 2, "percent_covered": 100.0, "percent_covered_display": "100", "missing_lines": 0, "excluded_lines": 0, "percent_statements_covered": 100.0, "percent_statements_covered_display": "100"}, "missing_lines": [], "excluded_lines": [], "start_line": 124}, "": {"executed_lines": [6, 7, 8, 9, 10, 13, 15, 20, 25, 32, 34, 35, 36, 37, 40, 41, 43, 44, 47, 48, 50, 51, 52, 53, 54, 55, 56, 57, 58, 59, 60, 63, 64, 66, 67, 68, 70, 71, 79, 80, 83, 84, 85, 86, 89, 90, 91, 94, 95, 96, 97, 100, 101, 104, 107, 110, 111, 112, 113, 114, 115, 116, 117, 119, 120, 124], "summary": {"covered_lines": 66, "num_statements": 66, "percent_covered": 100.0, "percent_covered_display": "100", "missing_lines": 0, "excluded_lines": 0, "percent_statements_covered": 100.0, "percent_statements_covered_display": "100"}, "missing_lines": [], "excluded_lines": [], "start_line": 1}}, "classes": {"ModelVariant": {"executed_lines": [], "summary": {"covered_lines": 0, "num_statements": 0, "percent_covered": 100.0, "percent_covered_display": "100", "missing_lines": 0, "excluded_lines": 0, "percent_statements_covered": 100.0, "percent_statements_covered_display": "100"}, "missing_lines": [], "excluded_lines": [], "start_line": 13}, "Preset": {"executed_lines": [], "summary": {"covered_lines": 0, "num_statements": 0, "percent_covered": 100.0, "percent_covered_display": "100", "missing_lines": 0, "excluded_lines": 0, "percent_statements_covered": 100.0, "percent_statements_covered_display": "100"}, "missing_lines": [], "excluded_lines": [], "start_line": 32}, "DeviceConfig": {"executed_lines": [], "summary": {"covered_lines": 0, "num_statements": 0, "percent_covered": 100.0, "percent_covered_display": "100", "missing_lines": 0, "excluded_lines": 0, "percent_statements_covered": 100.0, "percent_statements_covered_display": "100"}, "missing_lines": [], "excluded_lines": [], "start_line": 41}, "PostprocessingConfig": {"executed_lines": [], "summary": {"covered_lines": 0, "num_statements": 0, "percent_covered": 100.0, "percent_covered_display": "100", "missing_lines": 0, "excluded_lines": 0, "percent_statements_covered": 100.0, "percent_statements_covered_display": "100"}, "missing_lines": [], "excluded_lines": [], "start_line": 48}, "DA3Config": {"executed_lines": [], "summary": {"covered_lines": 0, "num_statements": 1, "percent_covered": 0.0, "percent_covered_display": "0", "missing_lines": 1, "excluded_lines": 0, "percent_statements_covered": 0.0, "percent_statements_covered_display": "0"}, "missing_lines": [76], "excluded_lines": [], "start_line": 64}, "EnhanceConfig": {"executed_lines": [130, 131], "summary": {"covered_lines": 2, "num_statements": 3, "percent_covered": 66.66666666666667, "percent_covered_display": "67", "missing_lines": 1, "excluded_lines": 0, "percent_statements_covered": 66.66666666666667, "percent_statements_covered_display": "67"}, "missing_lines": [122], "excluded_lines": [], "start_line": 80}, "": {"executed_lines": [6, 7, 8, 9, 10, 13, 15, 20, 25, 32, 34, 35, 36, 37, 40, 41, 43, 44, 47, 48, 50, 51, 52, 53, 54, 55, 56, 57, 58, 59, 60, 63, 64, 66, 67, 68, 70, 71, 79, 80, 83, 84, 85, 86, 89, 90, 91, 94, 95, 96, 97, 100, 101, 104, 107, 110, 111, 112, 113, 114, 115, 116, 117, 119, 120, 124], "summary": {"covered_lines": 66, "num_statements": 66, "percent_covered": 100.0, "percent_covered_display": "100", "missing_lines": 0, "excluded_lines": 0, "percent_statements_covered": 100.0, "percent_statements_covered_display": "100"}, "missing_lines": [], "excluded_lines": [], "start_line": 1}}}, "src/transformation_portal/lux_depth_v3/da3_integration.py": {"executed_lines": [], "summary": {"covered_lines": 0, "num_statements": 1, "percent_covered": 0.0, "percent_covered_display": "0", "missing_lines": 1, "excluded_lines": 0, "percent_statements_covered": 0.0, "percent_statements_covered_display": "0"}, "missing_lines": [6], "excluded_lines": [], "functions": {"": {"executed_lines": [], "summary": {"covered_lines": 0, "num_statements": 1, "percent_covered": 0.0, "percent_covered_display": "0", "missing_lines": 1, "excluded_lines": 0, "percent_statements_covered": 0.0, "percent_statements_covered_display": "0"}, "missing_lines": [6], "excluded_lines": [], "start_line": 1}}, "classes": {"": {"executed_lines": [], "summary": {"covered_lines": 0, "num_statements": 1, "percent_covered": 0.0, "percent_covered_display": "0", "missing_lines": 1, "excluded_lines": 0, "percent_statements_covered": 0.0, "percent_statements_covered_display": "0"}, "missing_lines": [6], "excluded_lines": [], "start_line": 1}}}, "src/transformation_portal/lux_depth_v3/da3_model_backend.py": {"executed_lines": [], "summary": {"covered_lines": 0, "num_statements": 30, "percent_covered": 0.0, "percent_covered_display": "0", "missing_lines": 30, "excluded_lines": 0, "percent_statements_covered": 0.0, "percent_statements_covered_display": "0"}, "missing_lines": [5, 6, 7, 8, 9, 10, 11, 13, 14, 15, 16, 17, 18, 19, 21, 22, 23, 24, 26, 27, 30, 32, 40, 46, 48, 53, 54, 56, 57, 61], "excluded_lines": [], "functions": {"DA3ModelBackend.__init__": {"executed_lines": [], "summary": {"covered_lines": 0, "num_statements": 2, "percent_covered": 0.0, "percent_covered_display": "0", "missing_lines": 2, "excluded_lines": 0, "percent_statements_covered": 0.0, "percent_statements_covered_display": "0"}, "missing_lines": [23, 24], "excluded_lines": [], "start_line": 22}, "DA3ModelBackend._load_model": {"executed_lines": [], "summary": {"covered_lines": 0, "num_statements": 2, "percent_covered": 0.0, "percent_covered_display": "0", "missing_lines": 2, "excluded_lines": 0, "percent_statements_covered": 0.0, "percent_statements_covered_display": "0"}, "missing_lines": [27, 30], "excluded_lines": [], "start_line": 26}, "DA3ModelBackend.predict_from_tensor": {"executed_lines": [], "summary": {"covered_lines": 0, "num_statements": 2, "percent_covered": 0.0, "percent_covered_display": "0", "missing_lines": 2, "excluded_lines": 0, "percent_statements_covered": 0.0, "percent_statements_covered_display": "0"}, "missing_lines": [40, 46], "excluded_lines": [], "start_line": 32}, "DA3ModelBackend.predict_depth01_from_rgb01": {"executed_lines": [], "summary": {"covered_lines": 0, "num_statements": 5, "percent_covered": 0.0, "percent_covered_display": "0", "missing_lines": 5, "excluded_lines": 0, "percent_statements_covered": 0.0, "percent_statements_covered_display": "0"}, "missing_lines": [53, 54, 56, 57, 61], "excluded_lines": [], "start_line": 48}, "": {"executed_lines": [], "summary": {"covered_lines": 0, "num_statements": 19, "percent_covered": 0.0, "percent_covered_display": "0", "missing_lines": 19, "excluded_lines": 0, "percent_statements_covered": 0.0, "percent_statements_covered_display": "0"}, "missing_lines": [5, 6, 7, 8, 9, 10, 11, 13, 14, 15, 16, 17, 18, 19, 21, 22, 26, 32, 48], "excluded_lines": [], "start_line": 1}}, "classes": {"DA3ModelBackendConfig": {"executed_lines": [], "summary": {"covered_lines": 0, "num_statements": 0, "percent_covered": 100.0, "percent_covered_display": "100", "missing_lines": 0, "excluded_lines": 0, "percent_statements_covered": 100.0, "percent_statements_covered_display": "100"}, "missing_lines": [], "excluded_lines": [], "start_line": 14}, "DA3ModelBackend": {"executed_lines": [], "summary": {"covered_lines": 0, "num_statements": 11, "percent_covered": 0.0, "percent_covered_display": "0", "missing_lines": 11, "excluded_lines": 0, "percent_statements_covered": 0.0, "percent_statements_covered_display": "0"}, "missing_lines": [23, 24, 27, 30, 40, 46, 53, 54, 56, 57, 61], "excluded_lines": [], "start_line": 21}, "": {"executed_lines": [], "summary": {"covered_lines": 0, "num_statements": 19, "percent_covered": 0.0, "percent_covered_display": "0", "missing_lines": 19, "excluded_lines": 0, "percent_statements_covered": 0.0, "percent_statements_covered_display": "0"}, "missing_lines": [5, 6, 7, 8, 9, 10, 11, 13, 14, 15, 16, 17, 18, 19, 21, 22, 26, 32, 48], "excluded_lines": [], "start_line": 1}}}, "src/transformation_portal/lux_depth_v3/depth_writer.py": {"executed_lines": [9, 10, 11, 12, 13, 14, 15, 17, 19, 20, 21, 26, 29, 30, 35, 36, 37, 38, 39, 40, 41, 43, 48, 146, 162, 167, 171, 172, 176, 177], "summary": {"covered_lines": 30, "num_statements": 62, "percent_covered": 48.38709677419355, "percent_covered_display": "48", "missing_lines": 32, "excluded_lines": 0, "percent_statements_covered": 48.38709677419355, "percent_statements_covered_display": "48"}, "missing_lines": [22, 23, 24, 45, 75, 76, 82, 83, 86, 87, 92, 104, 105, 109, 111, 113, 118, 119, 122, 124, 127, 128, 130, 131, 132, 135, 136, 141, 143, 163, 168, 173], "excluded_lines": [], "functions": {"DepthWriteStats._asdict": {"executed_lines": [], "summary": {"covered_lines": 0, "num_statements": 1, "percent_covered": 0.0, "percent_covered_display": "0", "missing_lines": 1, "excluded_lines": 0, "percent_statements_covered": 0.0, "percent_statements_covered_display": "0"}, "missing_lines": [45], "excluded_lines": [], "start_line": 43}, "atomic_write_depth_u16_png_with_stats": {"executed_lines": [], "summary": {"covered_lines": 0, "num_statements": 25, "percent_covered": 0.0, "percent_covered_display": "0", "missing_lines": 25, "excluded_lines": 0, "percent_statements_covered": 0.0, "percent_statements_covered_display": "0"}, "missing_lines": [75, 76, 82, 83, 86, 87, 92, 104, 105, 109, 111, 113, 118, 119, 122, 124, 127, 128, 130, 131, 132, 135, 136, 141, 143], "excluded_lines": [], "start_line": 48}, "read_depth_u16_png": {"executed_lines": [162, 167, 171, 172, 176, 177], "summary": {"covered_lines": 6, "num_statements": 9, "percent_covered": 66.66666666666667, "percent_covered_display": "67", "missing_lines": 3, "excluded_lines": 0, "percent_statements_covered": 66.66666666666667, "percent_statements_covered_display": "67"}, "missing_lines": [163, 168, 173], "excluded_lines": [], "start_line": 146}, "": {"executed_lines": [9, 10, 11, 12, 13, 14, 15, 17, 19, 20, 21, 26, 29, 30, 35, 36, 37, 38, 39, 40, 41, 43, 48, 146], "summary": {"covered_lines": 24, "num_statements": 27, "percent_covered": 88.88888888888889, "percent_covered_display": "89", "missing_lines": 3, "excluded_lines": 0, "percent_statements_covered": 88.88888888888889, "percent_statements_covered_display": "89"}, "missing_lines": [22, 23, 24], "excluded_lines": [], "start_line": 1}}, "classes": {"DepthWriteStats": {"executed_lines": [], "summary": {"covered_lines": 0, "num_statements": 1, "percent_covered": 0.0, "percent_covered_display": "0", "missing_lines": 1, "excluded_lines": 0, "percent_statements_covered": 0.0, "percent_statements_covered_display": "0"}, "missing_lines": [45], "excluded_lines": [], "start_line": 30}, "": {"executed_lines": [9, 10, 11, 12, 13, 14, 15, 17, 19, 20, 21, 26, 29, 30, 35, 36, 37, 38, 39, 40, 41, 43, 48, 146, 162, 167, 171, 172, 176, 177], "summary": {"covered_lines": 30, "num_statements": 61, "percent_covered": 49.18032786885246, "percent_covered_display": "49", "missing_lines": 31, "excluded_lines": 0, "percent_statements_covered": 49.18032786885246, "percent_statements_covered_display": "49"}, "missing_lines": [22, 23, 24, 75, 76, 82, 83, 86, 87, 92, 104, 105, 109, 111, 113, 118, 119, 122, 124, 127, 128, 130, 131, 132, 135, 136, 141, 143, 163, 168, 173], "excluded_lines": [], "start_line": 1}}}, "src/transformation_portal/lux_depth_v3/inference.py": {"executed_lines": [8, 9, 10, 11, 12, 13, 14, 15, 16, 18, 23, 24, 25, 31, 32, 33, 34, 40, 41, 43, 44, 45, 48, 51, 53, 54, 55, 56, 59, 60, 62, 63, 64, 66, 67, 72, 89, 123, 154, 164, 176, 240, 262, 299, 342, 358], "summary": {"covered_lines": 46, "num_statements": 173, "percent_covered": 26.589595375722542, "percent_covered_display": "27", "missing_lines": 127, "excluded_lines": 2, "percent_statements_covered": 26.589595375722542, "percent_statements_covered_display": "27"}, "missing_lines": [26, 27, 28, 29, 35, 36, 37, 38, 42, 69, 102, 103, 104, 107, 108, 111, 112, 113, 114, 116, 125, 128, 129, 130, 131, 132, 133, 134, 135, 139, 140, 143, 144, 147, 148, 150, 156, 157, 158, 159, 160, 161, 162, 166, 167, 169, 170, 172, 174, 182, 183, 186, 187, 193, 196, 202, 204, 205, 210, 212, 214, 215, 216, 221, 222, 223, 228, 229, 230, 231, 232, 233, 235, 236, 246, 247, 252, 258, 259, 260, 280, 281, 282, 283, 284, 285, 288, 289, 292, 293, 295, 309, 310, 313, 314, 315, 316, 318, 320, 323, 324, 325, 328, 329, 330, 331, 332, 333, 334, 336, 352, 353, 356, 367, 368, 371, 372, 373, 376, 377, 378, 379, 381, 384, 385, 386, 388], "excluded_lines": [20, 21], "functions": {"DepthResult.depth": {"executed_lines": [], "summary": {"covered_lines": 0, "num_statements": 1, "percent_covered": 0.0, "percent_covered_display": "0", "missing_lines": 1, "excluded_lines": 0, "percent_statements_covered": 0.0, "percent_statements_covered_display": "0"}, "missing_lines": [69], "excluded_lines": [], "start_line": 67}, "DA3InferenceEngine.__init__": {"executed_lines": [], "summary": {"covered_lines": 0, "num_statements": 10, "percent_covered": 0.0, "percent_covered_display": "0", "missing_lines": 10, "excluded_lines": 0, "percent_statements_covered": 0.0, "percent_statements_covered_display": "0"}, "missing_lines": [102, 103, 104, 107, 108, 111, 112, 113, 114, 116], "excluded_lines": [], "start_line": 89}, "DA3InferenceEngine._auto_detect_backend": {"executed_lines": [], "summary": {"covered_lines": 0, "num_statements": 16, "percent_covered": 0.0, "percent_covered_display": "0", "missing_lines": 16, "excluded_lines": 0, "percent_statements_covered": 0.0, "percent_statements_covered_display": "0"}, "missing_lines": [125, 128, 129, 130, 131, 132, 133, 134, 135, 139, 140, 143, 144, 147, 148, 150], "excluded_lines": [], "start_line": 123}, "DA3InferenceEngine._resolve_device": {"executed_lines": [], "summary": {"covered_lines": 0, "num_statements": 7, "percent_covered": 0.0, "percent_covered_display": "0", "missing_lines": 7, "excluded_lines": 0, "percent_statements_covered": 0.0, "percent_statements_covered_display": "0"}, "missing_lines": [156, 157, 158, 159, 160, 161, 162], "excluded_lines": [], "start_line": 154}, "DA3InferenceEngine._load_model": {"executed_lines": [], "summary": {"covered_lines": 0, "num_statements": 6, "percent_covered": 0.0, "percent_covered_display": "0", "missing_lines": 6, "excluded_lines": 0, "percent_statements_covered": 0.0, "percent_statements_covered_display": "0"}, "missing_lines": [166, 167, 169, 170, 172, 174], "excluded_lines": [], "start_line": 164}, "DA3InferenceEngine._load_pytorch_model": {"executed_lines": [], "summary": {"covered_lines": 0, "num_statements": 25, "percent_covered": 0.0, "percent_covered_display": "0", "missing_lines": 25, "excluded_lines": 0, "percent_statements_covered": 0.0, "percent_statements_covered_display": "0"}, "missing_lines": [182, 183, 186, 187, 193, 196, 202, 204, 205, 210, 212, 214, 215, 216, 221, 222, 223, 228, 229, 230, 231, 232, 233, 235, 236], "excluded_lines": [], "start_line": 176}, "DA3InferenceEngine._load_coreml_model": {"executed_lines": [], "summary": {"covered_lines": 0, "num_statements": 6, "percent_covered": 0.0, "percent_covered_display": "0", "missing_lines": 6, "excluded_lines": 0, "percent_statements_covered": 0.0, "percent_statements_covered_display": "0"}, "missing_lines": [246, 247, 252, 258, 259, 260], "excluded_lines": [], "start_line": 240}, "DA3InferenceEngine.predict": {"executed_lines": [], "summary": {"covered_lines": 0, "num_statements": 11, "percent_covered": 0.0, "percent_covered_display": "0", "missing_lines": 11, "excluded_lines": 0, "percent_statements_covered": 0.0, "percent_statements_covered_display": "0"}, "missing_lines": [280, 281, 282, 283, 284, 285, 288, 289, 292, 293, 295], "excluded_lines": [], "start_line": 262}, "DA3InferenceEngine.infer": {"executed_lines": [], "summary": {"covered_lines": 0, "num_statements": 19, "percent_covered": 0.0, "percent_covered_display": "0", "missing_lines": 19, "excluded_lines": 0, "percent_statements_covered": 0.0, "percent_statements_covered_display": "0"}, "missing_lines": [309, 310, 313, 314, 315, 316, 318, 320, 323, 324, 325, 328, 329, 330, 331, 332, 333, 334, 336], "excluded_lines": [], "start_line": 299}, "DA3InferenceEngine.infer_from_path": {"executed_lines": [], "summary": {"covered_lines": 0, "num_statements": 3, "percent_covered": 0.0, "percent_covered_display": "0", "missing_lines": 3, "excluded_lines": 0, "percent_statements_covered": 0.0, "percent_statements_covered_display": "0"}, "missing_lines": [352, 353, 356], "excluded_lines": [], "start_line": 342}, "DA3InferenceEngine._estimate_depth_pytorch": {"executed_lines": [], "summary": {"covered_lines": 0, "num_statements": 14, "percent_covered": 0.0, "percent_covered_display": "0", "missing_lines": 14, "excluded_lines": 0, "percent_statements_covered": 0.0, "percent_statements_covered_display": "0"}, "missing_lines": [367, 368, 371, 372, 373, 376, 377, 378, 379, 381, 384, 385, 386, 388], "excluded_lines": [], "start_line": 358}, "": {"executed_lines": [8, 9, 10, 11, 12, 13, 14, 15, 16, 18, 23, 24, 25, 31, 32, 33, 34, 40, 41, 43, 44, 45, 48, 51, 53, 54, 55, 56, 59, 60, 62, 63, 64, 66, 67, 72, 89, 123, 154, 164, 176, 240, 262, 299, 342, 358], "summary": {"covered_lines": 46, "num_statements": 55, "percent_covered": 83.63636363636364, "percent_covered_display": "84", "missing_lines": 9, "excluded_lines": 2, "percent_statements_covered": 83.63636363636364, "percent_statements_covered_display": "84"}, "missing_lines": [26, 27, 28, 29, 35, 36, 37, 38, 42], "excluded_lines": [20, 21], "start_line": 1}}, "classes": {"ModelBackend": {"executed_lines": [], "summary": {"covered_lines": 0, "num_statements": 0, "percent_covered": 100.0, "percent_covered_display": "100", "missing_lines": 0, "excluded_lines": 0, "percent_statements_covered": 100.0, "percent_statements_covered_display": "100"}, "missing_lines": [], "excluded_lines": [], "start_line": 51}, "DepthResult": {"executed_lines": [], "summary": {"covered_lines": 0, "num_statements": 1, "percent_covered": 0.0, "percent_covered_display": "0", "missing_lines": 1, "excluded_lines": 0, "percent_statements_covered": 0.0, "percent_statements_covered_display": "0"}, "missing_lines": [69], "excluded_lines": [], "start_line": 60}, "DA3InferenceEngine": {"executed_lines": [], "summary": {"covered_lines": 0, "num_statements": 117, "percent_covered": 0.0, "percent_covered_display": "0", "missing_lines": 117, "excluded_lines": 0, "percent_statements_covered": 0.0, "percent_statements_covered_display": "0"}, "missing_lines": [102, 103, 104, 107, 108, 111, 112, 113, 114, 116, 125, 128, 129, 130, 131, 132, 133, 134, 135, 139, 140, 143, 144, 147, 148, 150, 156, 157, 158, 159, 160, 161, 162, 166, 167, 169, 170, 172, 174, 182, 183, 186, 187, 193, 196, 202, 204, 205, 210, 212, 214, 215, 216, 221, 222, 223, 228, 229, 230, 231, 232, 233, 235, 236, 246, 247, 252, 258, 259, 260, 280, 281, 282, 283, 284, 285, 288, 289, 292, 293, 295, 309, 310, 313, 314, 315, 316, 318, 320, 323, 324, 325, 328, 329, 330, 331, 332, 333, 334, 336, 352, 353, 356, 367, 368, 371, 372, 373, 376, 377, 378, 379, 381, 384, 385, 386, 388], "excluded_lines": [], "start_line": 72}, "": {"executed_lines": [8, 9, 10, 11, 12, 13, 14, 15, 16, 18, 23, 24, 25, 31, 32, 33, 34, 40, 41, 43, 44, 45, 48, 51, 53, 54, 55, 56, 59, 60, 62, 63, 64, 66, 67, 72, 89, 123, 154, 164, 176, 240, 262, 299, 342, 358], "summary": {"covered_lines": 46, "num_statements": 55, "percent_covered": 83.63636363636364, "percent_covered_display": "84", "missing_lines": 9, "excluded_lines": 2, "percent_statements_covered": 83.63636363636364, "percent_statements_covered_display": "84"}, "missing_lines": [26, 27, 28, 29, 35, 36, 37, 38, 42], "excluded_lines": [20, 21], "start_line": 1}}}, "src/transformation_portal/lux_depth_v3/input_manager.py": {"executed_lines": [6, 7, 8, 9, 12, 13, 15, 16, 18], "summary": {"covered_lines": 9, "num_statements": 11, "percent_covered": 81.81818181818181, "percent_covered_display": "82", "missing_lines": 2, "excluded_lines": 0, "percent_statements_covered": 81.81818181818181, "percent_statements_covered_display": "82"}, "missing_lines": [20, 21], "excluded_lines": [], "functions": {"ImageInput.__post_init__": {"executed_lines": [], "summary": {"covered_lines": 0, "num_statements": 2, "percent_covered": 0.0, "percent_covered_display": "0", "missing_lines": 2, "excluded_lines": 0, "percent_statements_covered": 0.0, "percent_statements_covered_display": "0"}, "missing_lines": [20, 21], "excluded_lines": [], "start_line": 18}, "": {"executed_lines": [6, 7, 8, 9, 12, 13, 15, 16, 18], "summary": {"covered_lines": 9, "num_statements": 9, "percent_covered": 100.0, "percent_covered_display": "100", "missing_lines": 0, "excluded_lines": 0, "percent_statements_covered": 100.0, "percent_statements_covered_display": "100"}, "missing_lines": [], "excluded_lines": [], "start_line": 1}}, "classes": {"ImageInput": {"executed_lines": [], "summary": {"covered_lines": 0, "num_statements": 2, "percent_covered": 0.0, "percent_covered_display": "0", "missing_lines": 2, "excluded_lines": 0, "percent_statements_covered": 0.0, "percent_statements_covered_display": "0"}, "missing_lines": [20, 21], "excluded_lines": [], "start_line": 13}, "": {"executed_lines": [6, 7, 8, 9, 12, 13, 15, 16, 18], "summary": {"covered_lines": 9, "num_statements": 9, "percent_covered": 100.0, "percent_covered_display": "100", "missing_lines": 0, "excluded_lines": 0, "percent_statements_covered": 100.0, "percent_statements_covered_display": "100"}, "missing_lines": [], "excluded_lines": [], "start_line": 1}}}, "src/transformation_portal/lux_depth_v3/io_atomic.py": {"executed_lines": [14, 15, 16, 17, 18, 20, 21, 22, 28, 29, 67, 68, 70, 99, 100, 101, 103, 104, 107, 108, 118, 143, 170, 175, 177, 179, 185, 190], "summary": {"covered_lines": 28, "num_statements": 79, "percent_covered": 35.44303797468354, "percent_covered_display": "35", "missing_lines": 51, "excluded_lines": 1, "percent_statements_covered": 35.44303797468354, "percent_statements_covered_display": "35"}, "missing_lines": [23, 24, 25, 72, 77, 79, 81, 85, 87, 90, 92, 94, 95, 110, 112, 114, 115, 135, 136, 137, 138, 139, 140, 171, 186, 187, 217, 218, 220, 221, 223, 225, 230, 233, 236, 237, 238, 239, 240, 243, 246, 248, 250, 252, 253, 254, 255, 256, 258, 259, 261], "excluded_lines": [195], "functions": {"atomic_temp_file": {"executed_lines": [67, 68, 70, 99, 100, 101, 103, 104, 107, 108], "summary": {"covered_lines": 10, "num_statements": 24, "percent_covered": 41.666666666666664, "percent_covered_display": "42", "missing_lines": 14, "excluded_lines": 0, "percent_statements_covered": 41.666666666666664, "percent_statements_covered_display": "42"}, "missing_lines": [72, 77, 79, 81, 85, 87, 90, 92, 94, 95, 110, 112, 114, 115], "excluded_lines": [], "start_line": 29}, "atomic_write_bytes": {"executed_lines": [], "summary": {"covered_lines": 0, "num_statements": 6, "percent_covered": 0.0, "percent_covered_display": "0", "missing_lines": 6, "excluded_lines": 0, "percent_statements_covered": 0.0, "percent_statements_covered_display": "0"}, "missing_lines": [135, 136, 137, 138, 139, 140], "excluded_lines": [], "start_line": 118}, "atomic_write_pil_png": {"executed_lines": [170, 175, 177, 179, 185], "summary": {"covered_lines": 5, "num_statements": 8, "percent_covered": 62.5, "percent_covered_display": "62", "missing_lines": 3, "excluded_lines": 0, "percent_statements_covered": 62.5, "percent_statements_covered_display": "62"}, "missing_lines": [171, 186, 187], "excluded_lines": [], "start_line": 143}, "atomic_write_with_fd": {"executed_lines": [], "summary": {"covered_lines": 0, "num_statements": 25, "percent_covered": 0.0, "percent_covered_display": "0", "missing_lines": 25, "excluded_lines": 1, "percent_statements_covered": 0.0, "percent_statements_covered_display": "0"}, "missing_lines": [217, 218, 220, 221, 223, 225, 230, 233, 236, 237, 238, 239, 240, 243, 246, 248, 250, 252, 253, 254, 255, 256, 258, 259, 261], "excluded_lines": [195], "start_line": 190}, "": {"executed_lines": [14, 15, 16, 17, 18, 20, 21, 22, 28, 29, 118, 143, 190], "summary": {"covered_lines": 13, "num_statements": 16, "percent_covered": 81.25, "percent_covered_display": "81", "missing_lines": 3, "excluded_lines": 0, "percent_statements_covered": 81.25, "percent_statements_covered_display": "81"}, "missing_lines": [23, 24, 25], "excluded_lines": [], "start_line": 1}}, "classes": {"": {"executed_lines": [14, 15, 16, 17, 18, 20, 21, 22, 28, 29, 67, 68, 70, 99, 100, 101, 103, 104, 107, 108, 118, 143, 170, 175, 177, 179, 185, 190], "summary": {"covered_lines": 28, "num_statements": 79, "percent_covered": 35.44303797468354, "percent_covered_display": "35", "missing_lines": 51, "excluded_lines": 1, "percent_statements_covered": 35.44303797468354, "percent_statements_covered_display": "35"}, "missing_lines": [23, 24, 25, 72, 77, 79, 81, 85, 87, 90, 92, 94, 95, 110, 112, 114, 115, 135, 136, 137, 138, 139, 140, 171, 186, 187, 217, 218, 220, 221, 223, 225, 230, 233, 236, 237, 238, 239, 240, 243, 246, 248, 250, 252, 253, 254, 255, 256, 258, 259, 261], "excluded_lines": [195], "start_line": 1}}}, "src/transformation_portal/lux_depth_v3/manifest.py": {"executed_lines": [6, 7, 8, 9, 10, 11, 12, 13, 16, 25, 26, 38, 39, 40, 41, 42, 44, 52, 53, 86, 87, 89, 90, 91, 92, 93, 96, 97, 110, 111, 112, 113, 114, 115, 116, 117, 120, 121, 123, 124, 125, 126, 129, 130, 132, 133, 134, 137, 138, 140, 141, 142, 143, 144, 145, 146, 148, 160, 172, 178, 179, 190, 191, 192, 193, 194, 195, 197, 203, 204, 211, 212, 227, 228, 229, 230, 231, 232, 233, 234, 235, 236, 238, 265, 266, 301, 306, 324, 351], "summary": {"covered_lines": 89, "num_statements": 162, "percent_covered": 54.93827160493827, "percent_covered_display": "55", "missing_lines": 73, "excluded_lines": 0, "percent_statements_covered": 54.93827160493827, "percent_statements_covered_display": "55"}, "missing_lines": [22, 50, 65, 66, 67, 73, 74, 75, 77, 150, 162, 174, 175, 199, 200, 201, 206, 207, 208, 243, 246, 247, 248, 249, 250, 252, 254, 257, 258, 259, 260, 262, 263, 271, 272, 275, 277, 278, 279, 280, 281, 282, 283, 284, 285, 286, 287, 288, 289, 290, 291, 292, 294, 295, 296, 297, 299, 303, 315, 317, 318, 319, 321, 335, 336, 343, 344, 345, 346, 348, 359, 360, 362], "excluded_lines": [], "functions": {"_utcnow_iso": {"executed_lines": [], "summary": {"covered_lines": 0, "num_statements": 1, "percent_covered": 0.0, "percent_covered_display": "0", "missing_lines": 1, "excluded_lines": 0, "percent_statements_covered": 0.0, "percent_statements_covered_display": "0"}, "missing_lines": [22], "excluded_lines": [], "start_line": 16}, "InputMetadata.to_dict": {"executed_lines": [], "summary": {"covered_lines": 0, "num_statements": 1, "percent_covered": 0.0, "percent_covered_display": "0", "missing_lines": 1, "excluded_lines": 0, "percent_statements_covered": 0.0, "percent_statements_covered_display": "0"}, "missing_lines": [50], "excluded_lines": [], "start_line": 44}, "InputMetadata.from_dict": {"executed_lines": [], "summary": {"covered_lines": 0, "num_statements": 7, "percent_covered": 0.0, "percent_covered_display": "0", "missing_lines": 7, "excluded_lines": 0, "percent_statements_covered": 0.0, "percent_statements_covered_display": "0"}, "missing_lines": [65, 66, 67, 73, 74, 75, 77], "excluded_lines": [], "start_line": 53}, "ConfigFingerprint.depth_only": {"executed_lines": [], "summary": {"covered_lines": 0, "num_statements": 1, "percent_covered": 0.0, "percent_covered_display": "0", "missing_lines": 1, "excluded_lines": 0, "percent_statements_covered": 0.0, "percent_statements_covered_display": "0"}, "missing_lines": [150], "excluded_lines": [], "start_line": 148}, "ConfigFingerprint.v2_only": {"executed_lines": [], "summary": {"covered_lines": 0, "num_statements": 1, "percent_covered": 0.0, "percent_covered_display": "0", "missing_lines": 1, "excluded_lines": 0, "percent_statements_covered": 0.0, "percent_statements_covered_display": "0"}, "missing_lines": [162], "excluded_lines": [], "start_line": 160}, "ConfigFingerprint.to_sha256": {"executed_lines": [], "summary": {"covered_lines": 0, "num_statements": 2, "percent_covered": 0.0, "percent_covered_display": "0", "missing_lines": 2, "excluded_lines": 0, "percent_statements_covered": 0.0, "percent_statements_covered_display": "0"}, "missing_lines": [174, 175], "excluded_lines": [], "start_line": 172}, "BatchManifest.write": {"executed_lines": [], "summary": {"covered_lines": 0, "num_statements": 3, "percent_covered": 0.0, "percent_covered_display": "0", "missing_lines": 3, "excluded_lines": 0, "percent_statements_covered": 0.0, "percent_statements_covered_display": "0"}, "missing_lines": [199, 200, 201], "excluded_lines": [], "start_line": 197}, "BatchManifest.load": {"executed_lines": [], "summary": {"covered_lines": 0, "num_statements": 3, "percent_covered": 0.0, "percent_covered_display": "0", "missing_lines": 3, "excluded_lines": 0, "percent_statements_covered": 0.0, "percent_statements_covered_display": "0"}, "missing_lines": [206, 207, 208], "excluded_lines": [], "start_line": 204}, "CombinedManifest.save": {"executed_lines": [], "summary": {"covered_lines": 0, "num_statements": 14, "percent_covered": 0.0, "percent_covered_display": "0", "missing_lines": 14, "excluded_lines": 0, "percent_statements_covered": 0.0, "percent_statements_covered_display": "0"}, "missing_lines": [243, 246, 247, 248, 249, 250, 252, 254, 257, 258, 259, 260, 262, 263], "excluded_lines": [], "start_line": 238}, "CombinedManifest.load": {"executed_lines": [], "summary": {"covered_lines": 0, "num_statements": 24, "percent_covered": 0.0, "percent_covered_display": "0", "missing_lines": 24, "excluded_lines": 0, "percent_statements_covered": 0.0, "percent_statements_covered_display": "0"}, "missing_lines": [271, 272, 275, 277, 278, 279, 280, 281, 282, 283, 284, 285, 286, 287, 288, 289, 290, 291, 292, 294, 295, 296, 297, 299], "excluded_lines": [], "start_line": 266}, "CombinedManifest.write": {"executed_lines": [], "summary": {"covered_lines": 0, "num_statements": 1, "percent_covered": 0.0, "percent_covered_display": "0", "missing_lines": 1, "excluded_lines": 0, "percent_statements_covered": 0.0, "percent_statements_covered_display": "0"}, "missing_lines": [303], "excluded_lines": [], "start_line": 301}, "compute_file_sha256": {"executed_lines": [], "summary": {"covered_lines": 0, "num_statements": 5, "percent_covered": 0.0, "percent_covered_display": "0", "missing_lines": 5, "excluded_lines": 0, "percent_statements_covered": 0.0, "percent_statements_covered_display": "0"}, "missing_lines": [315, 317, 318, 319, 321], "excluded_lines": [], "start_line": 306}, "get_git_revision": {"executed_lines": [], "summary": {"covered_lines": 0, "num_statements": 7, "percent_covered": 0.0, "percent_covered_display": "0", "missing_lines": 7, "excluded_lines": 0, "percent_statements_covered": 0.0, "percent_statements_covered_display": "0"}, "missing_lines": [335, 336, 343, 344, 345, 346, 348], "excluded_lines": [], "start_line": 324}, "capture_environment": {"executed_lines": [], "summary": {"covered_lines": 0, "num_statements": 3, "percent_covered": 0.0, "percent_covered_display": "0", "missing_lines": 3, "excluded_lines": 0, "percent_statements_covered": 0.0, "percent_statements_covered_display": "0"}, "missing_lines": [359, 360, 362], "excluded_lines": [], "start_line": 351}, "": {"executed_lines": [6, 7, 8, 9, 10, 11, 12, 13, 16, 25, 26, 38, 39, 40, 41, 42, 44, 52, 53, 86, 87, 89, 90, 91, 92, 93, 96, 97, 110, 111, 112, 113, 114, 115, 116, 117, 120, 121, 123, 124, 125, 126, 129, 130, 132, 133, 134, 137, 138, 140, 141, 142, 143, 144, 145, 146, 148, 160, 172, 178, 179, 190, 191, 192, 193, 194, 195, 197, 203, 204, 211, 212, 227, 228, 229, 230, 231, 232, 233, 234, 235, 236, 238, 265, 266, 301, 306, 324, 351], "summary": {"covered_lines": 89, "num_statements": 89, "percent_covered": 100.0, "percent_covered_display": "100", "missing_lines": 0, "excluded_lines": 0, "percent_statements_covered": 100.0, "percent_statements_covered_display": "100"}, "missing_lines": [], "excluded_lines": [], "start_line": 1}}, "classes": {"InputMetadata": {"executed_lines": [], "summary": {"covered_lines": 0, "num_statements": 8, "percent_covered": 0.0, "percent_covered_display": "0", "missing_lines": 8, "excluded_lines": 0, "percent_statements_covered": 0.0, "percent_statements_covered_display": "0"}, "missing_lines": [50, 65, 66, 67, 73, 74, 75, 77], "excluded_lines": [], "start_line": 26}, "DepthMetadata": {"executed_lines": [], "summary": {"covered_lines": 0, "num_statements": 0, "percent_covered": 100.0, "percent_covered_display": "100", "missing_lines": 0, "excluded_lines": 0, "percent_statements_covered": 100.0, "percent_statements_covered_display": "100"}, "missing_lines": [], "excluded_lines": [], "start_line": 87}, "V2Metadata": {"executed_lines": [], "summary": {"covered_lines": 0, "num_statements": 0, "percent_covered": 100.0, "percent_covered_display": "100", "missing_lines": 0, "excluded_lines": 0, "percent_statements_covered": 100.0, "percent_statements_covered_display": "100"}, "missing_lines": [], "excluded_lines": [], "start_line": 97}, "TimingMetadata": {"executed_lines": [], "summary": {"covered_lines": 0, "num_statements": 0, "percent_covered": 100.0, "percent_covered_display": "100", "missing_lines": 0, "excluded_lines": 0, "percent_statements_covered": 100.0, "percent_statements_covered_display": "100"}, "missing_lines": [], "excluded_lines": [], "start_line": 121}, "ReproMetadata": {"executed_lines": [], "summary": {"covered_lines": 0, "num_statements": 0, "percent_covered": 100.0, "percent_covered_display": "100", "missing_lines": 0, "excluded_lines": 0, "percent_statements_covered": 100.0, "percent_statements_covered_display": "100"}, "missing_lines": [], "excluded_lines": [], "start_line": 130}, "ConfigFingerprint": {"executed_lines": [], "summary": {"covered_lines": 0, "num_statements": 4, "percent_covered": 0.0, "percent_covered_display": "0", "missing_lines": 4, "excluded_lines": 0, "percent_statements_covered": 0.0, "percent_statements_covered_display": "0"}, "missing_lines": [150, 162, 174, 175], "excluded_lines": [], "start_line": 138}, "BatchManifest": {"executed_lines": [], "summary": {"covered_lines": 0, "num_statements": 6, "percent_covered": 0.0, "percent_covered_display": "0", "missing_lines": 6, "excluded_lines": 0, "percent_statements_covered": 0.0, "percent_statements_covered_display": "0"}, "missing_lines": [199, 200, 201, 206, 207, 208], "excluded_lines": [], "start_line": 179}, "CombinedManifest": {"executed_lines": [], "summary": {"covered_lines": 0, "num_statements": 39, "percent_covered": 0.0, "percent_covered_display": "0", "missing_lines": 39, "excluded_lines": 0, "percent_statements_covered": 0.0, "percent_statements_covered_display": "0"}, "missing_lines": [243, 246, 247, 248, 249, 250, 252, 254, 257, 258, 259, 260, 262, 263, 271, 272, 275, 277, 278, 279, 280, 281, 282, 283, 284, 285, 286, 287, 288, 289, 290, 291, 292, 294, 295, 296, 297, 299, 303], "excluded_lines": [], "start_line": 212}, "": {"executed_lines": [6, 7, 8, 9, 10, 11, 12, 13, 16, 25, 26, 38, 39, 40, 41, 42, 44, 52, 53, 86, 87, 89, 90, 91, 92, 93, 96, 97, 110, 111, 112, 113, 114, 115, 116, 117, 120, 121, 123, 124, 125, 126, 129, 130, 132, 133, 134, 137, 138, 140, 141, 142, 143, 144, 145, 146, 148, 160, 172, 178, 179, 190, 191, 192, 193, 194, 195, 197, 203, 204, 211, 212, 227, 228, 229, 230, 231, 232, 233, 234, 235, 236, 238, 265, 266, 301, 306, 324, 351], "summary": {"covered_lines": 89, "num_statements": 105, "percent_covered": 84.76190476190476, "percent_covered_display": "85", "missing_lines": 16, "excluded_lines": 0, "percent_statements_covered": 84.76190476190476, "percent_statements_covered_display": "85"}, "missing_lines": [22, 315, 317, 318, 319, 321, 335, 336, 343, 344, 345, 346, 348, 359, 360, 362], "excluded_lines": [], "start_line": 1}}}, "src/transformation_portal/lux_depth_v3/materials_v3.py": {"executed_lines": [], "summary": {"covered_lines": 0, "num_statements": 29, "percent_covered": 0.0, "percent_covered_display": "0", "missing_lines": 29, "excluded_lines": 0, "percent_statements_covered": 0.0, "percent_statements_covered_display": "0"}, "missing_lines": [5, 6, 7, 8, 9, 11, 13, 14, 15, 17, 19, 20, 21, 22, 30, 32, 35, 36, 37, 38, 40, 43, 46, 47, 52, 57, 59, 61, 63], "excluded_lines": [], "functions": {"MaterialsV3Engine.__init__": {"executed_lines": [], "summary": {"covered_lines": 0, "num_statements": 1, "percent_covered": 0.0, "percent_covered_display": "0", "missing_lines": 1, "excluded_lines": 0, "percent_statements_covered": 0.0, "percent_statements_covered_display": "0"}, "missing_lines": [15], "excluded_lines": [], "start_line": 14}, "MaterialsV3Engine._compute_mask_stats": {"executed_lines": [], "summary": {"covered_lines": 0, "num_statements": 4, "percent_covered": 0.0, "percent_covered_display": "0", "missing_lines": 4, "excluded_lines": 0, "percent_statements_covered": 0.0, "percent_statements_covered_display": "0"}, "missing_lines": [19, 20, 21, 22], "excluded_lines": [], "start_line": 17}, "MaterialsV3Engine.process": {"executed_lines": [], "summary": {"covered_lines": 0, "num_statements": 10, "percent_covered": 0.0, "percent_covered_display": "0", "missing_lines": 10, "excluded_lines": 0, "percent_statements_covered": 0.0, "percent_statements_covered_display": "0"}, "missing_lines": [32, 35, 36, 37, 38, 40, 43, 46, 47, 52], "excluded_lines": [], "start_line": 30}, "MaterialsV3Engine.apply_glass_response_if_enabled": {"executed_lines": [], "summary": {"covered_lines": 0, "num_statements": 1, "percent_covered": 0.0, "percent_covered_display": "0", "missing_lines": 1, "excluded_lines": 0, "percent_statements_covered": 0.0, "percent_statements_covered_display": "0"}, "missing_lines": [59], "excluded_lines": [], "start_line": 57}, "MaterialsV3Engine.apply_stone_response_if_enabled": {"executed_lines": [], "summary": {"covered_lines": 0, "num_statements": 1, "percent_covered": 0.0, "percent_covered_display": "0", "missing_lines": 1, "excluded_lines": 0, "percent_statements_covered": 0.0, "percent_statements_covered_display": "0"}, "missing_lines": [63], "excluded_lines": [], "start_line": 61}, "": {"executed_lines": [], "summary": {"covered_lines": 0, "num_statements": 12, "percent_covered": 0.0, "percent_covered_display": "0", "missing_lines": 12, "excluded_lines": 0, "percent_statements_covered": 0.0, "percent_statements_covered_display": "0"}, "missing_lines": [5, 6, 7, 8, 9, 11, 13, 14, 17, 30, 57, 61], "excluded_lines": [], "start_line": 1}}, "classes": {"MaterialsV3Engine": {"executed_lines": [], "summary": {"covered_lines": 0, "num_statements": 17, "percent_covered": 0.0, "percent_covered_display": "0", "missing_lines": 17, "excluded_lines": 0, "percent_statements_covered": 0.0, "percent_statements_covered_display": "0"}, "missing_lines": [15, 19, 20, 21, 22, 32, 35, 36, 37, 38, 40, 43, 46, 47, 52, 59, 63], "excluded_lines": [], "start_line": 13}, "": {"executed_lines": [], "summary": {"covered_lines": 0, "num_statements": 12, "percent_covered": 0.0, "percent_covered_display": "0", "missing_lines": 12, "excluded_lines": 0, "percent_statements_covered": 0.0, "percent_statements_covered_display": "0"}, "missing_lines": [5, 6, 7, 8, 9, 11, 13, 14, 17, 30, 57, 61], "excluded_lines": [], "start_line": 1}}}, "src/transformation_portal/lux_depth_v3/materials_v3_response.py": {"executed_lines": [], "summary": {"covered_lines": 0, "num_statements": 77, "percent_covered": 0.0, "percent_covered_display": "0", "missing_lines": 77, "excluded_lines": 0, "percent_statements_covered": 0.0, "percent_statements_covered_display": "0"}, "missing_lines": [6, 7, 8, 10, 12, 13, 16, 17, 18, 19, 20, 22, 23, 24, 27, 28, 30, 32, 33, 34, 36, 37, 40, 42, 47, 49, 52, 53, 54, 57, 58, 60, 63, 64, 66, 67, 68, 69, 70, 71, 73, 80, 82, 83, 84, 85, 87, 88, 89, 90, 92, 93, 94, 95, 97, 98, 100, 101, 102, 104, 106, 108, 115, 116, 117, 118, 120, 121, 123, 124, 126, 127, 129, 130, 132, 142, 143], "excluded_lines": [], "functions": {"compute_edge_signals": {"executed_lines": [], "summary": {"covered_lines": 0, "num_statements": 20, "percent_covered": 0.0, "percent_covered_display": "0", "missing_lines": 20, "excluded_lines": 0, "percent_statements_covered": 0.0, "percent_statements_covered_display": "0"}, "missing_lines": [12, 13, 16, 17, 18, 19, 20, 22, 23, 24, 27, 28, 30, 32, 33, 34, 36, 37, 40, 42], "excluded_lines": [], "start_line": 10}, "_decide_refinement": {"executed_lines": [], "summary": {"covered_lines": 0, "num_statements": 16, "percent_covered": 0.0, "percent_covered_display": "0", "missing_lines": 16, "excluded_lines": 0, "percent_statements_covered": 0.0, "percent_statements_covered_display": "0"}, "missing_lines": [49, 52, 53, 54, 57, 58, 60, 63, 64, 66, 67, 68, 69, 70, 71, 73], "excluded_lines": [], "start_line": 47}, "_decide_pixel_ops": {"executed_lines": [], "summary": {"covered_lines": 0, "num_statements": 18, "percent_covered": 0.0, "percent_covered_display": "0", "missing_lines": 18, "excluded_lines": 0, "percent_statements_covered": 0.0, "percent_statements_covered_display": "0"}, "missing_lines": [82, 83, 84, 85, 87, 88, 89, 90, 92, 93, 94, 95, 97, 98, 100, 101, 102, 104], "excluded_lines": [], "start_line": 80}, "generate_response_plan": {"executed_lines": [], "summary": {"covered_lines": 0, "num_statements": 16, "percent_covered": 0.0, "percent_covered_display": "0", "missing_lines": 16, "excluded_lines": 0, "percent_statements_covered": 0.0, "percent_statements_covered_display": "0"}, "missing_lines": [108, 115, 116, 117, 118, 120, 121, 123, 124, 126, 127, 129, 130, 132, 142, 143], "excluded_lines": [], "start_line": 106}, "": {"executed_lines": [], "summary": {"covered_lines": 0, "num_statements": 7, "percent_covered": 0.0, "percent_covered_display": "0", "missing_lines": 7, "excluded_lines": 0, "percent_statements_covered": 0.0, "percent_statements_covered_display": "0"}, "missing_lines": [6, 7, 8, 10, 47, 80, 106], "excluded_lines": [], "start_line": 1}}, "classes": {"": {"executed_lines": [], "summary": {"covered_lines": 0, "num_statements": 77, "percent_covered": 0.0, "percent_covered_display": "0", "missing_lines": 77, "excluded_lines": 0, "percent_statements_covered": 0.0, "percent_statements_covered_display": "0"}, "missing_lines": [6, 7, 8, 10, 12, 13, 16, 17, 18, 19, 20, 22, 23, 24, 27, 28, 30, 32, 33, 34, 36, 37, 40, 42, 47, 49, 52, 53, 54, 57, 58, 60, 63, 64, 66, 67, 68, 69, 70, 71, 73, 80, 82, 83, 84, 85, 87, 88, 89, 90, 92, 93, 94, 95, 97, 98, 100, 101, 102, 104, 106, 108, 115, 116, 117, 118, 120, 121, 123, 124, 126, 127, 129, 130, 132, 142, 143], "excluded_lines": [], "start_line": 1}}}, "src/transformation_portal/lux_depth_v3/materials_v3_taxonomy.py": {"executed_lines": [], "summary": {"covered_lines": 0, "num_statements": 6, "percent_covered": 0.0, "percent_covered_display": "0", "missing_lines": 6, "excluded_lines": 0, "percent_statements_covered": 0.0, "percent_statements_covered_display": "0"}, "missing_lines": [2, 4, 5, 6, 7, 10], "excluded_lines": [], "functions": {"": {"executed_lines": [], "summary": {"covered_lines": 0, "num_statements": 6, "percent_covered": 0.0, "percent_covered_display": "0", "missing_lines": 6, "excluded_lines": 0, "percent_statements_covered": 0.0, "percent_statements_covered_display": "0"}, "missing_lines": [2, 4, 5, 6, 7, 10], "excluded_lines": [], "start_line": 1}}, "classes": {"RefinementStrategy": {"executed_lines": [], "summary": {"covered_lines": 0, "num_statements": 0, "percent_covered": 100.0, "percent_covered_display": "100", "missing_lines": 0, "excluded_lines": 0, "percent_statements_covered": 100.0, "percent_statements_covered_display": "100"}, "missing_lines": [], "excluded_lines": [], "start_line": 4}, "": {"executed_lines": [], "summary": {"covered_lines": 0, "num_statements": 6, "percent_covered": 0.0, "percent_covered_display": "0", "missing_lines": 6, "excluded_lines": 0, "percent_statements_covered": 0.0, "percent_statements_covered_display": "0"}, "missing_lines": [2, 4, 5, 6, 7, 10], "excluded_lines": [], "start_line": 1}}}, "src/transformation_portal/lux_depth_v3/orchestrator.py": {"executed_lines": [16, 17, 18, 19, 20, 21, 22, 23, 24, 27, 28, 29, 30, 31, 32, 33, 34, 35, 40, 53, 55, 58, 114, 123, 182, 193, 237, 307, 377, 701, 720, 767], "summary": {"covered_lines": 32, "num_statements": 324, "percent_covered": 9.876543209876543, "percent_covered_display": "10", "missing_lines": 292, "excluded_lines": 0, "percent_statements_covered": 9.876543209876543, "percent_statements_covered_display": "10"}, "missing_lines": [80, 81, 82, 83, 84, 87, 88, 89, 92, 95, 96, 99, 100, 103, 106, 108, 109, 111, 131, 132, 133, 135, 136, 139, 140, 141, 142, 143, 145, 146, 149, 150, 151, 152, 153, 155, 157, 158, 159, 161, 164, 171, 174, 176, 177, 178, 179, 180, 183, 216, 217, 220, 221, 223, 226, 228, 231, 232, 233, 234, 235, 251, 252, 254, 255, 258, 259, 260, 266, 267, 268, 271, 272, 273, 276, 277, 280, 281, 282, 285, 286, 289, 290, 291, 292, 295, 296, 297, 298, 299, 301, 302, 303, 304, 305, 329, 330, 332, 333, 336, 337, 338, 341, 342, 344, 345, 346, 349, 350, 351, 354, 355, 358, 359, 360, 361, 364, 365, 366, 367, 368, 369, 370, 372, 373, 374, 375, 393, 395, 399, 402, 403, 404, 405, 408, 409, 413, 414, 415, 418, 420, 422, 423, 424, 426, 427, 428, 430, 433, 435, 438, 446, 447, 448, 449, 451, 469, 470, 471, 478, 481, 482, 483, 484, 487, 490, 496, 497, 500, 502, 510, 511, 514, 530, 531, 532, 534, 535, 536, 537, 538, 539, 540, 541, 542, 543, 544, 545, 547, 550, 551, 552, 553, 555, 556, 557, 560, 561, 562, 564, 566, 567, 568, 571, 577, 578, 580, 582, 590, 591, 593, 608, 609, 612, 613, 615, 616, 617, 618, 621, 631, 632, 635, 645, 646, 647, 648, 649, 650, 651, 652, 653, 654, 662, 664, 691, 693, 710, 711, 713, 714, 715, 716, 717, 718, 730, 733, 734, 735, 736, 737, 738, 739, 742, 743, 744, 745, 748, 749, 751, 754, 756, 757, 758, 760, 761, 762, 763, 765, 777, 778, 781, 782, 784, 785, 787, 788, 789, 790, 792, 793, 794, 795, 796, 797, 798, 801, 802, 805, 806, 814, 815], "excluded_lines": [], "functions": {"make_output_key": {"executed_lines": [], "summary": {"covered_lines": 0, "num_statements": 18, "percent_covered": 0.0, "percent_covered_display": "0", "missing_lines": 18, "excluded_lines": 0, "percent_statements_covered": 0.0, "percent_statements_covered_display": "0"}, "missing_lines": [80, 81, 82, 83, 84, 87, 88, 89, 92, 95, 96, 99, 100, 103, 106, 108, 109, 111], "excluded_lines": [], "start_line": 58}, "EnhanceOrchestrator.__init__": {"executed_lines": [], "summary": {"covered_lines": 0, "num_statements": 30, "percent_covered": 0.0, "percent_covered_display": "0", "missing_lines": 30, "excluded_lines": 0, "percent_statements_covered": 0.0, "percent_statements_covered_display": "0"}, "missing_lines": [131, 132, 133, 135, 136, 139, 140, 141, 142, 143, 145, 146, 149, 150, 151, 152, 153, 155, 157, 158, 159, 161, 164, 171, 174, 176, 177, 178, 179, 180], "excluded_lines": [], "start_line": 123}, "EnhanceOrchestrator.compute_config_fingerprint": {"executed_lines": [], "summary": {"covered_lines": 0, "num_statements": 1, "percent_covered": 0.0, "percent_covered_display": "0", "missing_lines": 1, "excluded_lines": 0, "percent_statements_covered": 0.0, "percent_statements_covered_display": "0"}, "missing_lines": [183], "excluded_lines": [], "start_line": 182}, "EnhanceOrchestrator._compute_or_skip_hash": {"executed_lines": [], "summary": {"covered_lines": 0, "num_statements": 12, "percent_covered": 0.0, "percent_covered_display": "0", "missing_lines": 12, "excluded_lines": 0, "percent_statements_covered": 0.0, "percent_statements_covered_display": "0"}, "missing_lines": [216, 217, 220, 221, 223, 226, 228, 231, 232, 233, 234, 235], "excluded_lines": [], "start_line": 193}, "EnhanceOrchestrator.should_skip_depth": {"executed_lines": [], "summary": {"covered_lines": 0, "num_statements": 34, "percent_covered": 0.0, "percent_covered_display": "0", "missing_lines": 34, "excluded_lines": 0, "percent_statements_covered": 0.0, "percent_statements_covered_display": "0"}, "missing_lines": [251, 252, 254, 255, 258, 259, 260, 266, 267, 268, 271, 272, 273, 276, 277, 280, 281, 282, 285, 286, 289, 290, 291, 292, 295, 296, 297, 298, 299, 301, 302, 303, 304, 305], "excluded_lines": [], "start_line": 237}, "EnhanceOrchestrator.should_skip_v2": {"executed_lines": [], "summary": {"covered_lines": 0, "num_statements": 32, "percent_covered": 0.0, "percent_covered_display": "0", "missing_lines": 32, "excluded_lines": 0, "percent_statements_covered": 0.0, "percent_statements_covered_display": "0"}, "missing_lines": [329, 330, 332, 333, 336, 337, 338, 341, 342, 344, 345, 346, 349, 350, 351, 354, 355, 358, 359, 360, 361, 364, 365, 366, 367, 368, 369, 370, 372, 373, 374, 375], "excluded_lines": [], "start_line": 307}, "EnhanceOrchestrator.enhance_image": {"executed_lines": [], "summary": {"covered_lines": 0, "num_statements": 110, "percent_covered": 0.0, "percent_covered_display": "0", "missing_lines": 110, "excluded_lines": 0, "percent_statements_covered": 0.0, "percent_statements_covered_display": "0"}, "missing_lines": [393, 395, 399, 402, 403, 404, 405, 408, 409, 413, 414, 415, 418, 420, 422, 423, 424, 426, 427, 428, 430, 433, 435, 438, 446, 447, 448, 449, 451, 469, 470, 471, 478, 481, 482, 483, 484, 487, 490, 496, 497, 500, 502, 510, 511, 514, 530, 531, 532, 534, 535, 536, 537, 538, 539, 540, 541, 542, 543, 544, 545, 547, 550, 551, 552, 553, 555, 556, 557, 560, 561, 562, 564, 566, 567, 568, 571, 577, 578, 580, 582, 590, 591, 593, 608, 609, 612, 613, 615, 616, 617, 618, 621, 631, 632, 635, 645, 646, 647, 648, 649, 650, 651, 652, 653, 654, 662, 664, 691, 693], "excluded_lines": [], "start_line": 377}, "EnhanceOrchestrator._verify_pbr_outputs": {"executed_lines": [], "summary": {"covered_lines": 0, "num_statements": 8, "percent_covered": 0.0, "percent_covered_display": "0", "missing_lines": 8, "excluded_lines": 0, "percent_statements_covered": 0.0, "percent_statements_covered_display": "0"}, "missing_lines": [710, 711, 713, 714, 715, 716, 717, 718], "excluded_lines": [], "start_line": 701}, "EnhanceOrchestrator._load_cached_depth": {"executed_lines": [], "summary": {"covered_lines": 0, "num_statements": 24, "percent_covered": 0.0, "percent_covered_display": "0", "missing_lines": 24, "excluded_lines": 0, "percent_statements_covered": 0.0, "percent_statements_covered_display": "0"}, "missing_lines": [730, 733, 734, 735, 736, 737, 738, 739, 742, 743, 744, 745, 748, 749, 751, 754, 756, 757, 758, 760, 761, 762, 763, 765], "excluded_lines": [], "start_line": 720}, "EnhanceOrchestrator.enhance_batch": {"executed_lines": [], "summary": {"covered_lines": 0, "num_statements": 23, "percent_covered": 0.0, "percent_covered_display": "0", "missing_lines": 23, "excluded_lines": 0, "percent_statements_covered": 0.0, "percent_statements_covered_display": "0"}, "missing_lines": [777, 778, 781, 782, 784, 785, 787, 788, 789, 790, 792, 793, 794, 795, 796, 797, 798, 801, 802, 805, 806, 814, 815], "excluded_lines": [], "start_line": 767}, "": {"executed_lines": [16, 17, 18, 19, 20, 21, 22, 23, 24, 27, 28, 29, 30, 31, 32, 33, 34, 35, 40, 53, 55, 58, 114, 123, 182, 193, 237, 307, 377, 701, 720, 767], "summary": {"covered_lines": 32, "num_statements": 32, "percent_covered": 100.0, "percent_covered_display": "100", "missing_lines": 0, "excluded_lines": 0, "percent_statements_covered": 100.0, "percent_statements_covered_display": "100"}, "missing_lines": [], "excluded_lines": [], "start_line": 1}}, "classes": {"EnhanceOrchestrator": {"executed_lines": [], "summary": {"covered_lines": 0, "num_statements": 274, "percent_covered": 0.0, "percent_covered_display": "0", "missing_lines": 274, "excluded_lines": 0, "percent_statements_covered": 0.0, "percent_statements_covered_display": "0"}, "missing_lines": [131, 132, 133, 135, 136, 139, 140, 141, 142, 143, 145, 146, 149, 150, 151, 152, 153, 155, 157, 158, 159, 161, 164, 171, 174, 176, 177, 178, 179, 180, 183, 216, 217, 220, 221, 223, 226, 228, 231, 232, 233, 234, 235, 251, 252, 254, 255, 258, 259, 260, 266, 267, 268, 271, 272, 273, 276, 277, 280, 281, 282, 285, 286, 289, 290, 291, 292, 295, 296, 297, 298, 299, 301, 302, 303, 304, 305, 329, 330, 332, 333, 336, 337, 338, 341, 342, 344, 345, 346, 349, 350, 351, 354, 355, 358, 359, 360, 361, 364, 365, 366, 367, 368, 369, 370, 372, 373, 374, 375, 393, 395, 399, 402, 403, 404, 405, 408, 409, 413, 414, 415, 418, 420, 422, 423, 424, 426, 427, 428, 430, 433, 435, 438, 446, 447, 448, 449, 451, 469, 470, 471, 478, 481, 482, 483, 484, 487, 490, 496, 497, 500, 502, 510, 511, 514, 530, 531, 532, 534, 535, 536, 537, 538, 539, 540, 541, 542, 543, 544, 545, 547, 550, 551, 552, 553, 555, 556, 557, 560, 561, 562, 564, 566, 567, 568, 571, 577, 578, 580, 582, 590, 591, 593, 608, 609, 612, 613, 615, 616, 617, 618, 621, 631, 632, 635, 645, 646, 647, 648, 649, 650, 651, 652, 653, 654, 662, 664, 691, 693, 710, 711, 713, 714, 715, 716, 717, 718, 730, 733, 734, 735, 736, 737, 738, 739, 742, 743, 744, 745, 748, 749, 751, 754, 756, 757, 758, 760, 761, 762, 763, 765, 777, 778, 781, 782, 784, 785, 787, 788, 789, 790, 792, 793, 794, 795, 796, 797, 798, 801, 802, 805, 806, 814, 815], "excluded_lines": [], "start_line": 114}, "": {"executed_lines": [16, 17, 18, 19, 20, 21, 22, 23, 24, 27, 28, 29, 30, 31, 32, 33, 34, 35, 40, 53, 55, 58, 114, 123, 182, 193, 237, 307, 377, 701, 720, 767], "summary": {"covered_lines": 32, "num_statements": 50, "percent_covered": 64.0, "percent_covered_display": "64", "missing_lines": 18, "excluded_lines": 0, "percent_statements_covered": 64.0, "percent_statements_covered_display": "64"}, "missing_lines": [80, 81, 82, 83, 84, 87, 88, 89, 92, 95, 96, 99, 100, 103, 106, 108, 109, 111], "excluded_lines": [], "start_line": 1}}}, "src/transformation_portal/lux_depth_v3/pbr.py": {"executed_lines": [11, 12, 14, 15, 18, 19, 25, 26, 29, 30, 33, 34, 35, 38, 50, 51, 55, 56, 59, 69, 70, 72, 73, 75, 78, 87, 88, 91, 117, 118, 120, 124, 125, 126, 128, 131, 135, 138, 141, 142, 145, 152, 153, 154, 157, 161, 164, 165, 168, 169, 170, 172, 174, 178, 181, 184, 187, 188, 189, 191, 197, 198, 200, 202], "summary": {"covered_lines": 64, "num_statements": 65, "percent_covered": 98.46153846153847, "percent_covered_display": "98", "missing_lines": 1, "excluded_lines": 0, "percent_statements_covered": 98.46153846153847, "percent_statements_covered_display": "98"}, "missing_lines": [121], "excluded_lines": [], "functions": {"_box_blur_gray": {"executed_lines": [50, 51, 55, 56], "summary": {"covered_lines": 4, "num_statements": 4, "percent_covered": 100.0, "percent_covered_display": "100", "missing_lines": 0, "excluded_lines": 0, "percent_statements_covered": 100.0, "percent_statements_covered_display": "100"}, "missing_lines": [], "excluded_lines": [], "start_line": 38}, "_sobel": {"executed_lines": [69, 70, 72, 73, 75], "summary": {"covered_lines": 5, "num_statements": 5, "percent_covered": 100.0, "percent_covered_display": "100", "missing_lines": 0, "excluded_lines": 0, "percent_statements_covered": 100.0, "percent_statements_covered_display": "100"}, "missing_lines": [], "excluded_lines": [], "start_line": 59}, "_laplacian": {"executed_lines": [87, 88], "summary": {"covered_lines": 2, "num_statements": 2, "percent_covered": 100.0, "percent_covered_display": "100", "missing_lines": 0, "excluded_lines": 0, "percent_statements_covered": 100.0, "percent_statements_covered_display": "100"}, "missing_lines": [], "excluded_lines": [], "start_line": 78}, "generate_pbr_maps": {"executed_lines": [117, 118, 120, 124, 125, 126, 128, 131, 135, 138, 141, 142, 145, 152, 153, 154, 157, 161, 164, 165, 168, 169, 170, 172, 174, 178, 181, 184, 187, 188, 189, 191, 197, 198, 200, 202], "summary": {"covered_lines": 36, "num_statements": 37, "percent_covered": 97.29729729729729, "percent_covered_display": "97", "missing_lines": 1, "excluded_lines": 0, "percent_statements_covered": 97.29729729729729, "percent_statements_covered_display": "97"}, "missing_lines": [121], "excluded_lines": [], "start_line": 91}, "": {"executed_lines": [11, 12, 14, 15, 18, 19, 25, 26, 29, 30, 33, 34, 35, 38, 59, 78, 91], "summary": {"covered_lines": 17, "num_statements": 17, "percent_covered": 100.0, "percent_covered_display": "100", "missing_lines": 0, "excluded_lines": 0, "percent_statements_covered": 100.0, "percent_statements_covered_display": "100"}, "missing_lines": [], "excluded_lines": [], "start_line": 1}}, "classes": {"PBRConfig": {"executed_lines": [], "summary": {"covered_lines": 0, "num_statements": 0, "percent_covered": 100.0, "percent_covered_display": "100", "missing_lines": 0, "excluded_lines": 0, "percent_statements_covered": 100.0, "percent_statements_covered_display": "100"}, "missing_lines": [], "excluded_lines": [], "start_line": 19}, "": {"executed_lines": [11, 12, 14, 15, 18, 19, 25, 26, 29, 30, 33, 34, 35, 38, 50, 51, 55, 56, 59, 69, 70, 72, 73, 75, 78, 87, 88, 91, 117, 118, 120, 124, 125, 126, 128, 131, 135, 138, 141, 142, 145, 152, 153, 154, 157, 161, 164, 165, 168, 169, 170, 172, 174, 178, 181, 184, 187, 188, 189, 191, 197, 198, 200, 202], "summary": {"covered_lines": 64, "num_statements": 65, "percent_covered": 98.46153846153847, "percent_covered_display": "98", "missing_lines": 1, "excluded_lines": 0, "percent_statements_covered": 98.46153846153847, "percent_statements_covered_display": "98"}, "missing_lines": [121], "excluded_lines": [], "start_line": 1}}}, "src/transformation_portal/lux_depth_v3/pbr_cli.py": {"executed_lines": [], "summary": {"covered_lines": 0, "num_statements": 125, "percent_covered": 0.0, "percent_covered_display": "0", "missing_lines": 125, "excluded_lines": 0, "percent_statements_covered": 0.0, "percent_statements_covered_display": "0"}, "missing_lines": [29, 30, 31, 32, 34, 35, 36, 37, 38, 40, 41, 42, 45, 49, 51, 58, 59, 127, 128, 131, 132, 133, 134, 135, 136, 137, 138, 139, 140, 141, 142, 145, 146, 147, 149, 150, 151, 154, 155, 156, 157, 158, 159, 160, 161, 162, 165, 166, 169, 170, 181, 182, 183, 184, 185, 186, 187, 188, 189, 191, 192, 193, 194, 197, 198, 199, 200, 202, 204, 205, 206, 213, 214, 215, 217, 218, 219, 223, 224, 225, 228, 229, 230, 232, 233, 234, 236, 238, 239, 241, 242, 244, 245, 246, 252, 253, 255, 256, 257, 260, 261, 262, 263, 265, 266, 269, 270, 272, 273, 274, 275, 276, 277, 278, 279, 280, 281, 282, 283, 284, 285, 286, 287, 290, 291], "excluded_lines": [], "functions": {"generate": {"executed_lines": [], "summary": {"covered_lines": 0, "num_statements": 88, "percent_covered": 0.0, "percent_covered_display": "0", "missing_lines": 88, "excluded_lines": 0, "percent_statements_covered": 0.0, "percent_statements_covered_display": "0"}, "missing_lines": [127, 128, 131, 132, 133, 134, 135, 136, 137, 138, 139, 140, 141, 142, 145, 146, 147, 149, 150, 151, 154, 155, 156, 157, 158, 159, 160, 161, 162, 165, 166, 169, 170, 181, 182, 183, 184, 185, 186, 187, 188, 189, 191, 192, 193, 194, 197, 198, 199, 200, 202, 204, 205, 206, 213, 214, 215, 217, 218, 219, 223, 224, 225, 228, 229, 230, 232, 233, 234, 236, 238, 239, 241, 242, 244, 245, 246, 252, 253, 255, 256, 257, 260, 261, 262, 263, 265, 266], "excluded_lines": [], "start_line": 59}, "info": {"executed_lines": [], "summary": {"covered_lines": 0, "num_statements": 16, "percent_covered": 0.0, "percent_covered_display": "0", "missing_lines": 16, "excluded_lines": 0, "percent_statements_covered": 0.0, "percent_statements_covered_display": "0"}, "missing_lines": [272, 273, 274, 275, 276, 277, 278, 279, 280, 281, 282, 283, 284, 285, 286, 287], "excluded_lines": [], "start_line": 270}, "": {"executed_lines": [], "summary": {"covered_lines": 0, "num_statements": 21, "percent_covered": 0.0, "percent_covered_display": "0", "missing_lines": 21, "excluded_lines": 0, "percent_statements_covered": 0.0, "percent_statements_covered_display": "0"}, "missing_lines": [29, 30, 31, 32, 34, 35, 36, 37, 38, 40, 41, 42, 45, 49, 51, 58, 59, 269, 270, 290, 291], "excluded_lines": [], "start_line": 1}}, "classes": {"": {"executed_lines": [], "summary": {"covered_lines": 0, "num_statements": 125, "percent_covered": 0.0, "percent_covered_display": "0", "missing_lines": 125, "excluded_lines": 0, "percent_statements_covered": 0.0, "percent_statements_covered_display": "0"}, "missing_lines": [29, 30, 31, 32, 34, 35, 36, 37, 38, 40, 41, 42, 45, 49, 51, 58, 59, 127, 128, 131, 132, 133, 134, 135, 136, 137, 138, 139, 140, 141, 142, 145, 146, 147, 149, 150, 151, 154, 155, 156, 157, 158, 159, 160, 161, 162, 165, 166, 169, 170, 181, 182, 183, 184, 185, 186, 187, 188, 189, 191, 192, 193, 194, 197, 198, 199, 200, 202, 204, 205, 206, 213, 214, 215, 217, 218, 219, 223, 224, 225, 228, 229, 230, 232, 233, 234, 236, 238, 239, 241, 242, 244, 245, 246, 252, 253, 255, 256, 257, 260, 261, 262, 263, 265, 266, 269, 270, 272, 273, 274, 275, 276, 277, 278, 279, 280, 281, 282, 283, 284, 285, 286, 287, 290, 291], "excluded_lines": [], "start_line": 1}}}, "src/transformation_portal/lux_depth_v3/pbr_presets.py": {"executed_lines": [19, 26, 54, 82, 110, 132, 154, 176, 198, 221, 233, 250, 251, 252, 253, 254, 257, 267], "summary": {"covered_lines": 18, "num_statements": 18, "percent_covered": 100.0, "percent_covered_display": "100", "missing_lines": 0, "excluded_lines": 0, "percent_statements_covered": 100.0, "percent_statements_covered_display": "100"}, "missing_lines": [], "excluded_lines": [], "functions": {"get_preset": {"executed_lines": [250, 251, 252, 253, 254], "summary": {"covered_lines": 5, "num_statements": 5, "percent_covered": 100.0, "percent_covered_display": "100", "missing_lines": 0, "excluded_lines": 0, "percent_statements_covered": 100.0, "percent_statements_covered_display": "100"}, "missing_lines": [], "excluded_lines": [], "start_line": 233}, "list_presets": {"executed_lines": [267], "summary": {"covered_lines": 1, "num_statements": 1, "percent_covered": 100.0, "percent_covered_display": "100", "missing_lines": 0, "excluded_lines": 0, "percent_statements_covered": 100.0, "percent_statements_covered_display": "100"}, "missing_lines": [], "excluded_lines": [], "start_line": 257}, "": {"executed_lines": [19, 26, 54, 82, 110, 132, 154, 176, 198, 221, 233, 257], "summary": {"covered_lines": 12, "num_statements": 12, "percent_covered": 100.0, "percent_covered_display": "100", "missing_lines": 0, "excluded_lines": 0, "percent_statements_covered": 100.0, "percent_statements_covered_display": "100"}, "missing_lines": [], "excluded_lines": [], "start_line": 1}}, "classes": {"": {"executed_lines": [19, 26, 54, 82, 110, 132, 154, 176, 198, 221, 233, 250, 251, 252, 253, 254, 257, 267], "summary": {"covered_lines": 18, "num_statements": 18, "percent_covered": 100.0, "percent_covered_display": "100", "missing_lines": 0, "excluded_lines": 0, "percent_statements_covered": 100.0, "percent_statements_covered_display": "100"}, "missing_lines": [], "excluded_lines": [], "start_line": 1}}}, "src/transformation_portal/lux_depth_v3/pbr_processor.py": {"executed_lines": [23, 24, 25, 26, 28, 30, 31, 33, 36, 37, 51, 52, 54, 75, 77, 84, 85, 86, 87, 88, 90, 91, 92, 94, 96, 97, 135, 136, 139, 140, 141, 142, 144, 145, 146, 149, 153, 154, 155, 159, 160, 161, 162, 165, 166, 169, 175, 177, 179, 182], "summary": {"covered_lines": 50, "num_statements": 52, "percent_covered": 96.15384615384616, "percent_covered_display": "96", "missing_lines": 2, "excluded_lines": 0, "percent_statements_covered": 96.15384615384616, "percent_statements_covered_display": "96"}, "missing_lines": [150, 156], "excluded_lines": [], "functions": {"PBRProcessor.from_depth": {"executed_lines": [75, 77, 84, 85, 86, 87, 88, 90, 91, 92, 94], "summary": {"covered_lines": 11, "num_statements": 11, "percent_covered": 100.0, "percent_covered_display": "100", "missing_lines": 0, "excluded_lines": 0, "percent_statements_covered": 100.0, "percent_statements_covered_display": "100"}, "missing_lines": [], "excluded_lines": [], "start_line": 54}, "PBRProcessor.from_cached_depth": {"executed_lines": [135, 136, 139, 140, 141, 142, 144, 145, 146, 149, 153, 154, 155, 159, 160, 161, 162, 165, 166, 169], "summary": {"covered_lines": 20, "num_statements": 22, "percent_covered": 90.9090909090909, "percent_covered_display": "91", "missing_lines": 2, "excluded_lines": 0, "percent_statements_covered": 90.9090909090909, "percent_statements_covered_display": "91"}, "missing_lines": [150, 156], "excluded_lines": [], "start_line": 97}, "PBRProcessor.__enter__": {"executed_lines": [177], "summary": {"covered_lines": 1, "num_statements": 1, "percent_covered": 100.0, "percent_covered_display": "100", "missing_lines": 0, "excluded_lines": 0, "percent_statements_covered": 100.0, "percent_statements_covered_display": "100"}, "missing_lines": [], "excluded_lines": [], "start_line": 175}, "PBRProcessor.__exit__": {"executed_lines": [182], "summary": {"covered_lines": 1, "num_statements": 1, "percent_covered": 100.0, "percent_covered_display": "100", "missing_lines": 0, "excluded_lines": 0, "percent_statements_covered": 100.0, "percent_statements_covered_display": "100"}, "missing_lines": [], "excluded_lines": [], "start_line": 179}, "": {"executed_lines": [23, 24, 25, 26, 28, 30, 31, 33, 36, 37, 51, 52, 54, 96, 97, 175, 179], "summary": {"covered_lines": 17, "num_statements": 17, "percent_covered": 100.0, "percent_covered_display": "100", "missing_lines": 0, "excluded_lines": 0, "percent_statements_covered": 100.0, "percent_statements_covered_display": "100"}, "missing_lines": [], "excluded_lines": [], "start_line": 1}}, "classes": {"PBRProcessor": {"executed_lines": [75, 77, 84, 85, 86, 87, 88, 90, 91, 92, 94, 135, 136, 139, 140, 141, 142, 144, 145, 146, 149, 153, 154, 155, 159, 160, 161, 162, 165, 166, 169, 177, 182], "summary": {"covered_lines": 33, "num_statements": 35, "percent_covered": 94.28571428571429, "percent_covered_display": "94", "missing_lines": 2, "excluded_lines": 0, "percent_statements_covered": 94.28571428571429, "percent_statements_covered_display": "94"}, "missing_lines": [150, 156], "excluded_lines": [], "start_line": 37}, "": {"executed_lines": [23, 24, 25, 26, 28, 30, 31, 33, 36, 37, 51, 52, 54, 96, 97, 175, 179], "summary": {"covered_lines": 17, "num_statements": 17, "percent_covered": 100.0, "percent_covered_display": "100", "missing_lines": 0, "excluded_lines": 0, "percent_statements_covered": 100.0, "percent_statements_covered_display": "100"}, "missing_lines": [], "excluded_lines": [], "start_line": 1}}}, "src/transformation_portal/lux_depth_v3/pbr_writer.py": {"executed_lines": [6, 7, 8, 10, 11, 13, 15, 18, 48, 50, 51, 53, 59, 60, 62, 64, 65, 66, 67, 72, 74, 75, 83, 86], "summary": {"covered_lines": 24, "num_statements": 30, "percent_covered": 80.0, "percent_covered_display": "80", "missing_lines": 6, "excluded_lines": 0, "percent_statements_covered": 80.0, "percent_statements_covered_display": "80"}, "missing_lines": [69, 77, 78, 79, 80, 84], "excluded_lines": [], "functions": {"write_pbr_maps": {"executed_lines": [48, 50, 51, 53, 59, 60, 62, 64, 65, 66, 67, 72, 74, 75, 83, 86], "summary": {"covered_lines": 16, "num_statements": 22, "percent_covered": 72.72727272727273, "percent_covered_display": "73", "missing_lines": 6, "excluded_lines": 0, "percent_statements_covered": 72.72727272727273, "percent_statements_covered_display": "73"}, "missing_lines": [69, 77, 78, 79, 80, 84], "excluded_lines": [], "start_line": 18}, "": {"executed_lines": [6, 7, 8, 10, 11, 13, 15, 18], "summary": {"covered_lines": 8, "num_statements": 8, "percent_covered": 100.0, "percent_covered_display": "100", "missing_lines": 0, "excluded_lines": 0, "percent_statements_covered": 100.0, "percent_statements_covered_display": "100"}, "missing_lines": [], "excluded_lines": [], "start_line": 1}}, "classes": {"": {"executed_lines": [6, 7, 8, 10, 11, 13, 15, 18, 48, 50, 51, 53, 59, 60, 62, 64, 65, 66, 67, 72, 74, 75, 83, 86], "summary": {"covered_lines": 24, "num_statements": 30, "percent_covered": 80.0, "percent_covered_display": "80", "missing_lines": 6, "excluded_lines": 0, "percent_statements_covered": 80.0, "percent_statements_covered_display": "80"}, "missing_lines": [69, 77, 78, 79, 80, 84], "excluded_lines": [], "start_line": 1}}}, "src/transformation_portal/lux_depth_v3/postprocessing.py": {"executed_lines": [5, 6, 7, 8, 9, 10, 11, 14, 15, 16, 17, 19, 21, 22, 23, 25, 28, 41, 78, 91, 100], "summary": {"covered_lines": 21, "num_statements": 63, "percent_covered": 33.333333333333336, "percent_covered_display": "33", "missing_lines": 42, "excluded_lines": 0, "percent_statements_covered": 33.333333333333336, "percent_statements_covered_display": "33"}, "missing_lines": [29, 32, 33, 34, 36, 37, 38, 39, 43, 46, 47, 50, 51, 53, 54, 61, 62, 68, 69, 72, 73, 74, 76, 79, 80, 81, 82, 86, 87, 88, 89, 92, 93, 94, 95, 98, 102, 103, 105, 106, 107, 109], "excluded_lines": [], "functions": {"_NoOpDepthRefiner.__init__": {"executed_lines": [21], "summary": {"covered_lines": 1, "num_statements": 1, "percent_covered": 100.0, "percent_covered_display": "100", "missing_lines": 0, "excluded_lines": 0, "percent_statements_covered": 100.0, "percent_statements_covered_display": "100"}, "missing_lines": [], "excluded_lines": [], "start_line": 21}, "_NoOpDepthRefiner.refine": {"executed_lines": [22], "summary": {"covered_lines": 1, "num_statements": 1, "percent_covered": 100.0, "percent_covered_display": "100", "missing_lines": 0, "excluded_lines": 0, "percent_statements_covered": 100.0, "percent_statements_covered_display": "100"}, "missing_lines": [], "excluded_lines": [], "start_line": 22}, "_NoOpDepthRefiner.get_stats": {"executed_lines": [23], "summary": {"covered_lines": 1, "num_statements": 1, "percent_covered": 100.0, "percent_covered_display": "100", "missing_lines": 0, "excluded_lines": 0, "percent_statements_covered": 100.0, "percent_statements_covered_display": "100"}, "missing_lines": [], "excluded_lines": [], "start_line": 23}, "Postprocessor.__init__": {"executed_lines": [], "summary": {"covered_lines": 0, "num_statements": 8, "percent_covered": 0.0, "percent_covered_display": "0", "missing_lines": 8, "excluded_lines": 0, "percent_statements_covered": 0.0, "percent_statements_covered_display": "0"}, "missing_lines": [29, 32, 33, 34, 36, 37, 38, 39], "excluded_lines": [], "start_line": 28}, "Postprocessor.process": {"executed_lines": [], "summary": {"covered_lines": 0, "num_statements": 15, "percent_covered": 0.0, "percent_covered_display": "0", "missing_lines": 15, "excluded_lines": 0, "percent_statements_covered": 0.0, "percent_statements_covered_display": "0"}, "missing_lines": [43, 46, 47, 50, 51, 53, 54, 61, 62, 68, 69, 72, 73, 74, 76], "excluded_lines": [], "start_line": 41}, "Postprocessor._bilateral_filter": {"executed_lines": [], "summary": {"covered_lines": 0, "num_statements": 8, "percent_covered": 0.0, "percent_covered_display": "0", "missing_lines": 8, "excluded_lines": 0, "percent_statements_covered": 0.0, "percent_statements_covered_display": "0"}, "missing_lines": [79, 80, 81, 82, 86, 87, 88, 89], "excluded_lines": [], "start_line": 78}, "Postprocessor._preserve_edges": {"executed_lines": [], "summary": {"covered_lines": 0, "num_statements": 5, "percent_covered": 0.0, "percent_covered_display": "0", "missing_lines": 5, "excluded_lines": 0, "percent_statements_covered": 0.0, "percent_statements_covered_display": "0"}, "missing_lines": [92, 93, 94, 95, 98], "excluded_lines": [], "start_line": 91}, "Postprocessor.fuse_multiview": {"executed_lines": [], "summary": {"covered_lines": 0, "num_statements": 6, "percent_covered": 0.0, "percent_covered_display": "0", "missing_lines": 6, "excluded_lines": 0, "percent_statements_covered": 0.0, "percent_statements_covered_display": "0"}, "missing_lines": [102, 103, 105, 106, 107, 109], "excluded_lines": [], "start_line": 100}, "": {"executed_lines": [5, 6, 7, 8, 9, 10, 11, 14, 15, 16, 17, 19, 25, 28, 41, 78, 91, 100], "summary": {"covered_lines": 18, "num_statements": 18, "percent_covered": 100.0, "percent_covered_display": "100", "missing_lines": 0, "excluded_lines": 0, "percent_statements_covered": 100.0, "percent_statements_covered_display": "100"}, "missing_lines": [], "excluded_lines": [], "start_line": 1}}, "classes": {"_NoOpDepthRefiner": {"executed_lines": [21, 22, 23], "summary": {"covered_lines": 3, "num_statements": 3, "percent_covered": 100.0, "percent_covered_display": "100", "missing_lines": 0, "excluded_lines": 0, "percent_statements_covered": 100.0, "percent_statements_covered_display": "100"}, "missing_lines": [], "excluded_lines": [], "start_line": 19}, "Postprocessor": {"executed_lines": [], "summary": {"covered_lines": 0, "num_statements": 42, "percent_covered": 0.0, "percent_covered_display": "0", "missing_lines": 42, "excluded_lines": 0, "percent_statements_covered": 0.0, "percent_statements_covered_display": "0"}, "missing_lines": [29, 32, 33, 34, 36, 37, 38, 39, 43, 46, 47, 50, 51, 53, 54, 61, 62, 68, 69, 72, 73, 74, 76, 79, 80, 81, 82, 86, 87, 88, 89, 92, 93, 94, 95, 98, 102, 103, 105, 106, 107, 109], "excluded_lines": [], "start_line": 25}, "": {"executed_lines": [5, 6, 7, 8, 9, 10, 11, 14, 15, 16, 17, 19, 25, 28, 41, 78, 91, 100], "summary": {"covered_lines": 18, "num_statements": 18, "percent_covered": 100.0, "percent_covered_display": "100", "missing_lines": 0, "excluded_lines": 0, "percent_statements_covered": 100.0, "percent_statements_covered_display": "100"}, "missing_lines": [], "excluded_lines": [], "start_line": 1}}}, "src/transformation_portal/lux_depth_v3/preprocessing.py": {"executed_lines": [], "summary": {"covered_lines": 0, "num_statements": 76, "percent_covered": 0.0, "percent_covered_display": "0", "missing_lines": 76, "excluded_lines": 0, "percent_statements_covered": 0.0, "percent_statements_covered_display": "0"}, "missing_lines": [12, 14, 15, 16, 18, 19, 21, 24, 27, 28, 31, 50, 53, 54, 57, 58, 59, 65, 67, 68, 71, 72, 74, 75, 79, 82, 111, 112, 113, 114, 116, 118, 119, 121, 122, 123, 125, 126, 128, 129, 131, 132, 134, 135, 137, 142, 147, 150, 153, 154, 157, 160, 162, 165, 175, 178, 179, 180, 182, 183, 186, 189, 204, 207, 208, 211, 213, 214, 215, 218, 220, 224, 229, 241, 247, 265], "excluded_lines": [], "functions": {"validate_image_format": {"executed_lines": [], "summary": {"covered_lines": 0, "num_statements": 14, "percent_covered": 0.0, "percent_covered_display": "0", "missing_lines": 14, "excluded_lines": 0, "percent_statements_covered": 0.0, "percent_statements_covered_display": "0"}, "missing_lines": [50, 53, 54, 57, 58, 59, 65, 67, 68, 71, 72, 74, 75, 79], "excluded_lines": [], "start_line": 31}, "preprocess_image": {"executed_lines": [], "summary": {"covered_lines": 0, "num_statements": 27, "percent_covered": 0.0, "percent_covered_display": "0", "missing_lines": 27, "excluded_lines": 0, "percent_statements_covered": 0.0, "percent_statements_covered_display": "0"}, "missing_lines": [111, 112, 113, 114, 116, 118, 119, 121, 122, 123, 125, 126, 128, 129, 131, 132, 134, 135, 137, 142, 147, 150, 153, 154, 157, 160, 162], "excluded_lines": [], "start_line": 82}, "_resize_keep_aspect": {"executed_lines": [], "summary": {"covered_lines": 0, "num_statements": 7, "percent_covered": 0.0, "percent_covered_display": "0", "missing_lines": 7, "excluded_lines": 0, "percent_statements_covered": 0.0, "percent_statements_covered_display": "0"}, "missing_lines": [175, 178, 179, 180, 182, 183, 186], "excluded_lines": [], "start_line": 165}, "_enforce_dimension_multiple": {"executed_lines": [], "summary": {"covered_lines": 0, "num_statements": 10, "percent_covered": 0.0, "percent_covered_display": "0", "missing_lines": 10, "excluded_lines": 0, "percent_statements_covered": 0.0, "percent_statements_covered_display": "0"}, "missing_lines": [204, 207, 208, 211, 213, 214, 215, 218, 220, 224], "excluded_lines": [], "start_line": 189}, "normalize_exif_orientation": {"executed_lines": [], "summary": {"covered_lines": 0, "num_statements": 1, "percent_covered": 0.0, "percent_covered_display": "0", "missing_lines": 1, "excluded_lines": 0, "percent_statements_covered": 0.0, "percent_statements_covered_display": "0"}, "missing_lines": [241], "excluded_lines": [], "start_line": 229}, "validate_depth_image_alignment": {"executed_lines": [], "summary": {"covered_lines": 0, "num_statements": 1, "percent_covered": 0.0, "percent_covered_display": "0", "missing_lines": 1, "excluded_lines": 0, "percent_statements_covered": 0.0, "percent_statements_covered_display": "0"}, "missing_lines": [265], "excluded_lines": [], "start_line": 247}, "": {"executed_lines": [], "summary": {"covered_lines": 0, "num_statements": 16, "percent_covered": 0.0, "percent_covered_display": "0", "missing_lines": 16, "excluded_lines": 0, "percent_statements_covered": 0.0, "percent_statements_covered_display": "0"}, "missing_lines": [12, 14, 15, 16, 18, 19, 21, 24, 27, 28, 31, 82, 165, 189, 229, 247], "excluded_lines": [], "start_line": 1}}, "classes": {"": {"executed_lines": [], "summary": {"covered_lines": 0, "num_statements": 76, "percent_covered": 0.0, "percent_covered_display": "0", "missing_lines": 76, "excluded_lines": 0, "percent_statements_covered": 0.0, "percent_statements_covered_display": "0"}, "missing_lines": [12, 14, 15, 16, 18, 19, 21, 24, 27, 28, 31, 50, 53, 54, 57, 58, 59, 65, 67, 68, 71, 72, 74, 75, 79, 82, 111, 112, 113, 114, 116, 118, 119, 121, 122, 123, 125, 126, 128, 129, 131, 132, 134, 135, 137, 142, 147, 150, 153, 154, 157, 160, 162, 165, 175, 178, 179, 180, 182, 183, 186, 189, 204, 207, 208, 211, 213, 214, 215, 218, 220, 224, 229, 241, 247, 265], "excluded_lines": [], "start_line": 1}}}, "src/transformation_portal/lux_depth_v3/security.py": {"executed_lines": [6, 7, 8, 9, 10, 13, 15, 16, 17, 20, 38, 55, 89, 116], "summary": {"covered_lines": 14, "num_statements": 38, "percent_covered": 36.8421052631579, "percent_covered_display": "37", "missing_lines": 24, "excluded_lines": 0, "percent_statements_covered": 36.8421052631579, "percent_statements_covered_display": "37"}, "missing_lines": [32, 34, 35, 50, 51, 52, 69, 72, 79, 80, 81, 83, 103, 105, 107, 108, 110, 130, 131, 133, 136, 138, 139, 141], "excluded_lines": [], "functions": {"sanitize_file_stem": {"executed_lines": [], "summary": {"covered_lines": 0, "num_statements": 3, "percent_covered": 0.0, "percent_covered_display": "0", "missing_lines": 3, "excluded_lines": 0, "percent_statements_covered": 0.0, "percent_statements_covered_display": "0"}, "missing_lines": [32, 34, 35], "excluded_lines": [], "start_line": 20}, "sanitize_path_component_nonlossy": {"executed_lines": [], "summary": {"covered_lines": 0, "num_statements": 3, "percent_covered": 0.0, "percent_covered_display": "0", "missing_lines": 3, "excluded_lines": 0, "percent_statements_covered": 0.0, "percent_statements_covered_display": "0"}, "missing_lines": [50, 51, 52], "excluded_lines": [], "start_line": 38}, "validate_device_spec": {"executed_lines": [], "summary": {"covered_lines": 0, "num_statements": 6, "percent_covered": 0.0, "percent_covered_display": "0", "missing_lines": 6, "excluded_lines": 0, "percent_statements_covered": 0.0, "percent_statements_covered_display": "0"}, "missing_lines": [69, 72, 79, 80, 81, 83], "excluded_lines": [], "start_line": 55}, "validate_quantization_method": {"executed_lines": [], "summary": {"covered_lines": 0, "num_statements": 5, "percent_covered": 0.0, "percent_covered_display": "0", "missing_lines": 5, "excluded_lines": 0, "percent_statements_covered": 0.0, "percent_statements_covered_display": "0"}, "missing_lines": [103, 105, 107, 108, 110], "excluded_lines": [], "start_line": 89}, "validate_depth_fallback": {"executed_lines": [], "summary": {"covered_lines": 0, "num_statements": 7, "percent_covered": 0.0, "percent_covered_display": "0", "missing_lines": 7, "excluded_lines": 0, "percent_statements_covered": 0.0, "percent_statements_covered_display": "0"}, "missing_lines": [130, 131, 133, 136, 138, 139, 141], "excluded_lines": [], "start_line": 116}, "": {"executed_lines": [6, 7, 8, 9, 10, 13, 15, 16, 17, 20, 38, 55, 89, 116], "summary": {"covered_lines": 14, "num_statements": 14, "percent_covered": 100.0, "percent_covered_display": "100", "missing_lines": 0, "excluded_lines": 0, "percent_statements_covered": 100.0, "percent_statements_covered_display": "100"}, "missing_lines": [], "excluded_lines": [], "start_line": 1}}, "classes": {"HashMode": {"executed_lines": [], "summary": {"covered_lines": 0, "num_statements": 0, "percent_covered": 100.0, "percent_covered_display": "100", "missing_lines": 0, "excluded_lines": 0, "percent_statements_covered": 100.0, "percent_statements_covered_display": "100"}, "missing_lines": [], "excluded_lines": [], "start_line": 13}, "": {"executed_lines": [6, 7, 8, 9, 10, 13, 15, 16, 17, 20, 38, 55, 89, 116], "summary": {"covered_lines": 14, "num_statements": 38, "percent_covered": 36.8421052631579, "percent_covered_display": "37", "missing_lines": 24, "excluded_lines": 0, "percent_statements_covered": 36.8421052631579, "percent_statements_covered_display": "37"}, "missing_lines": [32, 34, 35, 50, 51, 52, 69, 72, 79, 80, 81, 83, 103, 105, 107, 108, 110, 130, 131, 133, 136, 138, 139, 141], "excluded_lines": [], "start_line": 1}}}, "src/transformation_portal/lux_depth_v3/v2_runner.py": {"executed_lines": [12, 14, 15, 16, 17, 18, 19, 20, 22, 25, 36, 47, 80, 223], "summary": {"covered_lines": 14, "num_statements": 75, "percent_covered": 18.666666666666668, "percent_covered_display": "19", "missing_lines": 61, "excluded_lines": 0, "percent_statements_covered": 18.666666666666668, "percent_statements_covered_display": "19"}, "missing_lines": [38, 39, 41, 42, 59, 62, 64, 69, 70, 74, 75, 78, 119, 120, 126, 127, 130, 133, 134, 137, 139, 140, 142, 143, 145, 146, 148, 151, 153, 154, 161, 163, 165, 166, 169, 170, 172, 178, 179, 182, 183, 185, 192, 194, 195, 196, 197, 198, 201, 207, 208, 211, 214, 236, 239, 240, 241, 245, 246, 247, 249], "excluded_lines": [], "functions": {"V2Runner.__init__": {"executed_lines": [], "summary": {"covered_lines": 0, "num_statements": 4, "percent_covered": 0.0, "percent_covered_display": "0", "missing_lines": 4, "excluded_lines": 0, "percent_statements_covered": 0.0, "percent_statements_covered_display": "0"}, "missing_lines": [38, 39, 41, 42], "excluded_lines": [], "start_line": 36}, "V2Runner._find_repo_root": {"executed_lines": [], "summary": {"covered_lines": 0, "num_statements": 8, "percent_covered": 0.0, "percent_covered_display": "0", "missing_lines": 8, "excluded_lines": 0, "percent_statements_covered": 0.0, "percent_statements_covered_display": "0"}, "missing_lines": [59, 62, 64, 69, 70, 74, 75, 78], "excluded_lines": [], "start_line": 47}, "V2Runner.run": {"executed_lines": [], "summary": {"covered_lines": 0, "num_statements": 41, "percent_covered": 0.0, "percent_covered_display": "0", "missing_lines": 41, "excluded_lines": 0, "percent_statements_covered": 0.0, "percent_statements_covered_display": "0"}, "missing_lines": [119, 120, 126, 127, 130, 133, 134, 137, 139, 140, 142, 143, 145, 146, 148, 151, 153, 154, 161, 163, 165, 166, 169, 170, 172, 178, 179, 182, 183, 185, 192, 194, 195, 196, 197, 198, 201, 207, 208, 211, 214], "excluded_lines": [], "start_line": 80}, "find_v2_report": {"executed_lines": [], "summary": {"covered_lines": 0, "num_statements": 8, "percent_covered": 0.0, "percent_covered_display": "0", "missing_lines": 8, "excluded_lines": 0, "percent_statements_covered": 0.0, "percent_statements_covered_display": "0"}, "missing_lines": [236, 239, 240, 241, 245, 246, 247, 249], "excluded_lines": [], "start_line": 223}, "": {"executed_lines": [12, 14, 15, 16, 17, 18, 19, 20, 22, 25, 36, 47, 80, 223], "summary": {"covered_lines": 14, "num_statements": 14, "percent_covered": 100.0, "percent_covered_display": "100", "missing_lines": 0, "excluded_lines": 0, "percent_statements_covered": 100.0, "percent_statements_covered_display": "100"}, "missing_lines": [], "excluded_lines": [], "start_line": 1}}, "classes": {"V2Runner": {"executed_lines": [], "summary": {"covered_lines": 0, "num_statements": 53, "percent_covered": 0.0, "percent_covered_display": "0", "missing_lines": 53, "excluded_lines": 0, "percent_statements_covered": 0.0, "percent_statements_covered_display": "0"}, "missing_lines": [38, 39, 41, 42, 59, 62, 64, 69, 70, 74, 75, 78, 119, 120, 126, 127, 130, 133, 134, 137, 139, 140, 142, 143, 145, 146, 148, 151, 153, 154, 161, 163, 165, 166, 169, 170, 172, 178, 179, 182, 183, 185, 192, 194, 195, 196, 197, 198, 201, 207, 208, 211, 214], "excluded_lines": [], "start_line": 25}, "": {"executed_lines": [12, 14, 15, 16, 17, 18, 19, 20, 22, 25, 36, 47, 80, 223], "summary": {"covered_lines": 14, "num_statements": 22, "percent_covered": 63.63636363636363, "percent_covered_display": "64", "missing_lines": 8, "excluded_lines": 0, "percent_statements_covered": 63.63636363636363, "percent_statements_covered_display": "64"}, "missing_lines": [236, 239, 240, 241, 245, 246, 247, 249], "excluded_lines": [], "start_line": 1}}}}, "totals": {"covered_lines": 519, "num_statements": 1583, "percent_covered": 32.78584965255843, "percent_covered_display": "33", "missing_lines": 1064, "excluded_lines": 3, "percent_statements_covered": 32.78584965255843, "percent_statements_covered_display": "33"}}